SF:lib/models/contact.dart
DA:20,1
DA:21,2
DA:22,2
DA:46,5
DA:93,5
DA:94,5
DA:95,10
DA:96,10
DA:98,1
DA:99,2
DA:100,4
DA:101,1
DA:102,1
DA:103,2
DA:104,3
DA:106,5
DA:107,1
DA:111,3
DA:114,6
DA:134,5
DA:135,10
DA:136,5
DA:137,10
DA:138,20
DA:139,5
DA:140,5
DA:141,19
DA:142,3
DA:144,5
DA:149,22
DA:155,5
DA:156,20
DA:157,10
DA:158,10
DA:159,5
DA:162,1
DA:172,1
DA:173,1
DA:174,0
DA:175,1
DA:176,1
DA:177,1
DA:178,1
DA:179,1
DA:180,1
DA:181,1
DA:185,1
DA:187,4
DA:189,1
DA:190,2
DA:192,1
DA:193,5
LF:52
LH:51
end_of_record
SF:lib/core/utils/formatters.dart
DA:35,5
DA:36,10
DA:37,5
DA:38,15
DA:39,10
DA:40,5
DA:48,5
DA:49,4
DA:50,20
DA:52,20
DA:53,10
DA:55,5
DA:56,5
DA:57,24
LF:14
LH:14
end_of_record
SF:lib/data/contact_repository.dart
DA:15,10
DA:16,10
DA:24,5
DA:26,10
DA:27,0
DA:29,5
LF:6
LH:5
end_of_record
SF:lib/state/contacts_controller.dart
DA:12,5
DA:21,10
DA:25,10
DA:28,15
DA:31,5
DA:32,5
DA:33,5
DA:34,5
DA:36,15
DA:38,2
DA:39,2
DA:41,5
DA:42,5
DA:50,5
DA:51,10
DA:52,10
LF:16
LH:16
end_of_record
SF:lib/app.dart
DA:23,9
DA:38,9
DA:39,9
DA:43,9
DA:44,27
DA:46,9
DA:48,9
DA:49,9
DA:50,9
DA:51,8
DA:52,8
DA:55,9
DA:56,8
DA:57,8
DA:60,9
DA:61,5
DA:62,20
DA:64,9
DA:65,8
DA:66,8
DA:70,9
DA:73,9
DA:74,9
LF:23
LH:23
end_of_record
SF:lib/core/routing/routes.dart
DA:45,6
LF:1
LH:1
end_of_record
SF:lib/data/daily_tasks_repository.dart
DA:66,5
DA:67,15
DA:69,2
DA:71,4
DA:72,10
DA:76,5
DA:77,5
DA:79,1
DA:81,1
LF:9
LH:9
end_of_record
SF:lib/data/message_repository.dart
DA:29,10
DA:30,0
DA:31,10
DA:32,9
DA:39,5
DA:41,5
DA:42,20
DA:43,5
DA:44,25
DA:48,2
DA:53,2
DA:61,2
DA:66,2
DA:74,2
DA:80,4
DA:81,2
DA:82,4
DA:86,2
DA:89,8
DA:92,4
LF:20
LH:19
end_of_record
SF:lib/data/settings_repository.dart
DA:18,1
DA:26,1
DA:27,1
DA:29,0
DA:32,1
DA:34,1
DA:35,1
DA:36,3
DA:37,2
DA:38,1
DA:40,1
DA:43,1
DA:45,1
DA:46,3
DA:47,2
DA:48,1
DA:49,1
DA:50,1
DA:51,1
DA:52,1
DA:53,1
DA:54,0
DA:56,2
DA:61,1
DA:63,1
DA:64,3
DA:65,2
DA:75,10
DA:79,6
DA:80,6
DA:82,3
DA:84,3
DA:87,1
DA:89,1
LF:34
LH:32
end_of_record
SF:lib/models/accessibility_settings.dart
DA:16,2
DA:17,4
DA:18,4
DA:40,2
DA:41,4
DA:42,4
DA:54,8
DA:112,5
DA:113,5
DA:114,10
DA:117,5
DA:118,5
DA:119,10
DA:123,16
DA:126,16
DA:129,4
DA:130,16
DA:131,4
DA:132,8
DA:140,12
DA:143,8
DA:147,5
DA:157,5
DA:158,5
DA:159,5
DA:160,4
DA:161,5
DA:162,5
DA:163,10
DA:164,10
DA:165,5
DA:170,2
DA:171,2
DA:172,2
DA:173,2
DA:174,2
DA:175,4
DA:176,4
DA:177,2
DA:178,2
DA:179,2
DA:187,2
DA:188,2
DA:189,2
DA:190,2
DA:193,2
DA:196,4
DA:197,4
DA:198,4
DA:199,4
DA:200,6
DA:202,6
DA:204,4
DA:208,4
DA:211,4
DA:212,12
DA:213,12
DA:214,12
DA:215,9
DA:216,9
DA:217,9
DA:218,9
DA:219,9
DA:222,1
DA:223,1
DA:224,1
DA:225,1
DA:226,1
DA:227,1
DA:228,1
DA:229,1
DA:230,1
DA:231,1
LF:73
LH:73
end_of_record
SF:lib/models/message.dart
DA:32,11
DA:63,18
DA:64,18
DA:67,5
DA:68,20
DA:73,6
DA:74,6
DA:75,6
DA:77,6
DA:78,5
DA:79,6
DA:80,2
DA:86,5
DA:87,5
DA:88,5
DA:89,5
DA:90,2
DA:92,5
DA:93,5
DA:94,6
DA:95,15
DA:96,25
DA:97,5
DA:100,1
DA:108,1
DA:109,1
DA:110,1
DA:111,1
DA:112,0
DA:113,1
DA:114,1
DA:115,0
DA:116,1
DA:117,1
DA:121,2
DA:123,4
DA:125,1
DA:126,2
DA:128,1
DA:129,6
LF:40
LH:38
end_of_record
SF:lib/core/utils/validators.dart
DA:15,5
DA:16,5
DA:17,5
DA:20,4
DA:21,1
DA:22,1
DA:28,10
DA:31,5
DA:32,10
DA:33,5
DA:34,5
LF:11
LH:11
end_of_record
SF:lib/core/routing/app_router.dart
DA:40,9
DA:44,9
DA:46,9
DA:49,8
DA:50,8
DA:52,9
DA:55,9
DA:56,9
DA:59,2
DA:62,9
DA:65,2
DA:68,9
DA:71,3
DA:74,9
DA:76,8
DA:77,24
DA:78,9
DA:79,9
DA:82,4
DA:83,4
DA:85,9
DA:88,3
DA:89,3
DA:92,9
DA:95,3
DA:96,3
DA:98,9
DA:101,2
DA:102,2
DA:105,9
DA:108,1
DA:109,1
DA:111,9
DA:114,2
DA:115,2
DA:117,9
DA:120,2
DA:121,2
DA:127,9
DA:130,4
DA:131,8
DA:132,4
DA:136,2
DA:137,1
DA:138,1
DA:143,1
DA:144,2
LF:47
LH:47
end_of_record
SF:lib/core/theme/app_theme.dart
DA:39,9
DA:44,9
DA:47,9
DA:60,9
DA:64,9
DA:69,9
DA:70,9
DA:72,9
DA:78,9
DA:85,9
DA:91,9
DA:98,9
DA:105,9
DA:111,9
DA:117,9
DA:124,9
DA:125,9
DA:126,9
DA:127,9
DA:133,9
LF:20
LH:20
end_of_record
SF:lib/state/daily_tasks_controller.dart
DA:6,5
DA:11,15
DA:13,30
DA:14,15
DA:15,30
DA:17,15
DA:19,2
DA:20,10
DA:21,6
DA:22,2
DA:25,1
DA:26,2
DA:27,1
LF:13
LH:13
end_of_record
SF:lib/state/messages_controller.dart
DA:12,5
DA:22,10
DA:25,15
DA:28,5
DA:29,15
DA:32,5
DA:33,10
DA:34,10
DA:42,5
DA:43,5
DA:45,5
DA:46,5
DA:47,15
DA:48,5
DA:60,5
DA:61,10
DA:62,10
DA:64,10
DA:65,5
DA:66,5
DA:67,5
DA:73,3
DA:74,2
DA:75,3
DA:80,5
DA:81,10
DA:82,10
DA:83,5
DA:84,5
DA:86,20
DA:88,2
DA:89,4
DA:91,10
DA:92,5
DA:98,5
DA:99,10
DA:100,5
DA:105,5
DA:106,15
DA:115,2
DA:116,4
DA:118,2
DA:121,6
DA:122,12
DA:123,2
DA:132,2
DA:133,4
DA:135,4
DA:136,6
DA:137,12
DA:138,2
LF:51
LH:51
end_of_record
SF:lib/state/settings_controller.dart
DA:14,6
DA:22,8
DA:23,2
DA:27,3
DA:28,3
DA:29,9
DA:30,3
DA:31,3
DA:32,3
DA:33,3
DA:34,15
DA:37,6
DA:38,6
DA:39,6
DA:41,18
DA:43,1
DA:45,6
DA:46,6
DA:54,3
DA:55,6
DA:56,3
DA:57,3
DA:58,6
DA:61,1
DA:62,3
DA:64,3
DA:65,9
DA:67,2
DA:68,6
DA:70,2
DA:71,6
DA:73,2
DA:74,6
DA:76,2
DA:77,6
DA:79,2
DA:80,6
LF:37
LH:37
end_of_record
SF:lib/screens/appointments/appts_screen.dart
DA:6,4
DA:13,2
DA:15,2
DA:17,2
DA:18,4
DA:19,2
DA:20,4
DA:21,0
DA:24,2
DA:25,10
DA:28,2
DA:29,2
DA:31,2
DA:33,4
DA:34,10
LF:15
LH:14
end_of_record
SF:lib/screens/auth/sign_in_screen.dart
DA:8,4
DA:9,2
DA:11,4
DA:12,2
DA:14,2
DA:15,2
DA:17,2
DA:19,2
DA:21,2
DA:23,2
DA:26,6
DA:30,4
DA:32,4
DA:34,4
DA:36,8
DA:38,4
DA:40,8
DA:42,10
DA:44,10
DA:46,4
DA:48,10
LF:21
LH:21
end_of_record
SF:lib/screens/auth/sign_up_screen.dart
DA:8,4
DA:9,3
DA:11,6
DA:12,3
DA:14,3
DA:15,3
DA:17,3
DA:19,3
DA:21,3
DA:23,3
DA:26,9
DA:30,6
DA:32,6
DA:34,6
DA:36,6
DA:38,12
DA:40,6
DA:42,12
DA:44,6
DA:46,6
DA:48,12
DA:50,6
DA:52,12
DA:54,12
DA:56,6
DA:58,15
LF:26
LH:26
end_of_record
SF:lib/screens/contacts/contacts_screen.dart
DA:24,4
DA:26,4
DA:27,4
DA:31,4
DA:33,4
DA:36,16
DA:39,4
DA:40,8
DA:41,4
DA:42,4
DA:43,4
DA:44,4
DA:45,20
DA:48,2
DA:49,4
DA:51,4
DA:61,4
DA:66,4
DA:73,4
DA:74,1
DA:79,1
DA:80,1
DA:87,4
DA:88,4
DA:100,4
DA:101,4
DA:104,9
DA:105,4
DA:106,4
DA:110,4
DA:111,8
DA:113,4
DA:115,8
DA:116,8
DA:117,4
DA:121,4
DA:127,4
DA:129,4
DA:130,4
DA:131,4
DA:133,4
DA:136,4
DA:137,4
DA:138,4
DA:140,4
DA:142,4
DA:145,4
DA:157,4
DA:159,4
LF:49
LH:49
end_of_record
SF:lib/screens/home/home_screen.dart
DA:10,4
DA:11,3
DA:12,3
DA:26,3
DA:28,3
DA:29,6
DA:30,15
DA:33,3
DA:34,9
DA:36,12
DA:37,6
DA:38,14
DA:39,4
DA:41,3
DA:43,7
DA:44,3
DA:46,3
DA:47,3
DA:48,3
DA:49,7
DA:55,3
DA:56,6
DA:58,3
DA:60,3
DA:61,6
DA:62,3
DA:64,3
DA:68,3
DA:69,0
DA:70,3
DA:78,3
DA:80,3
DA:82,3
DA:83,3
DA:85,3
DA:86,3
DA:87,3
DA:89,3
DA:91,3
DA:116,3
DA:117,18
DA:118,3
DA:119,6
DA:120,15
DA:122,27
DA:124,3
DA:125,15
DA:126,3
DA:127,3
DA:128,6
DA:129,3
DA:131,6
DA:132,6
DA:135,9
DA:136,18
DA:137,18
DA:141,18
DA:145,3
DA:146,15
DA:147,3
DA:148,3
DA:149,3
DA:150,3
DA:151,3
DA:156,3
DA:157,33
DA:160,2
DA:170,2
DA:172,6
DA:174,2
DA:175,2
DA:176,4
DA:177,2
DA:179,2
DA:180,2
DA:181,8
DA:195,4
DA:196,4
DA:197,4
DA:204,2
DA:205,2
DA:207,2
DA:208,8
DA:209,12
DA:211,2
DA:216,2
DA:217,2
DA:219,4
DA:221,4
DA:222,4
DA:223,6
DA:225,6
DA:227,6
DA:230,6
DA:231,8
DA:232,8
DA:235,2
DA:236,8
DA:237,2
DA:238,2
DA:239,2
DA:240,12
DA:241,2
DA:247,2
DA:248,4
DA:249,4
DA:251,2
DA:252,2
DA:254,4
DA:257,10
DA:259,4
DA:261,2
DA:262,2
DA:264,4
DA:270,4
DA:271,11
DA:272,6
DA:273,4
DA:278,2
DA:282,2
DA:285,2
DA:286,2
DA:288,2
DA:289,2
DA:290,12
LF:125
LH:124
end_of_record
SF:lib/screens/medicines/medicine_screen.dart
DA:6,4
DA:8,3
DA:9,3
DA:18,3
DA:20,3
DA:22,3
DA:23,6
DA:24,3
DA:25,6
DA:32,3
DA:34,3
DA:35,6
DA:36,12
DA:39,3
DA:40,1
DA:41,2
DA:42,3
LF:17
LH:17
end_of_record
SF:lib/screens/memories/memories_screen.dart
DA:7,4
DA:14,3
DA:16,3
DA:18,3
DA:26,6
DA:27,3
DA:28,6
DA:29,0
DA:32,3
DA:33,12
DA:36,3
DA:37,3
DA:39,3
DA:41,3
DA:43,3
DA:45,3
DA:46,3
DA:47,3
DA:48,3
DA:53,6
DA:57,6
LF:21
LH:20
end_of_record
SF:lib/screens/messaging/message_thread_screen.dart
DA:32,4
DA:39,4
DA:40,4
DA:50,4
DA:52,4
DA:53,16
DA:56,4
DA:58,8
DA:59,4
DA:62,4
DA:63,8
DA:66,8
DA:67,8
DA:68,3
DA:70,12
DA:71,4
DA:75,12
DA:76,4
DA:79,4
DA:80,12
DA:81,8
DA:82,20
DA:86,1
DA:87,5
DA:88,1
DA:89,1
DA:94,1
DA:95,2
DA:96,2
DA:98,4
DA:99,1
DA:103,3
DA:105,4
DA:106,1
DA:107,1
DA:110,4
DA:112,4
DA:113,4
DA:114,4
DA:116,12
DA:118,6
DA:121,12
DA:122,4
DA:123,12
DA:125,4
DA:127,4
DA:128,4
DA:137,4
DA:138,4
DA:139,4
DA:141,4
DA:142,4
DA:145,4
DA:146,4
DA:148,4
DA:149,4
DA:160,4
DA:161,4
DA:162,4
DA:163,8
DA:168,4
DA:169,4
DA:170,4
DA:187,4
DA:190,1
DA:191,1
DA:193,1
DA:194,2
DA:196,1
DA:201,3
DA:204,4
DA:205,2
DA:207,8
DA:211,4
DA:212,4
DA:213,4
DA:214,8
DA:216,4
DA:217,4
DA:221,2
DA:222,2
DA:229,2
DA:234,2
DA:235,2
DA:241,4
DA:242,4
DA:244,4
DA:246,4
DA:247,4
DA:248,4
DA:249,4
DA:250,2
DA:254,4
DA:255,4
DA:256,4
DA:271,4
DA:276,12
DA:280,5
DA:281,1
DA:282,1
DA:284,1
DA:285,1
DA:288,1
DA:289,1
DA:291,1
DA:292,2
DA:293,1
DA:294,3
DA:304,4
DA:305,1
DA:308,2
DA:313,4
DA:314,4
DA:316,4
DA:317,8
DA:321,1
DA:322,1
DA:323,1
DA:324,2
DA:327,2
DA:328,1
DA:332,1
DA:333,1
DA:334,3
DA:345,4
DA:349,4
DA:351,4
DA:352,4
DA:356,4
DA:359,4
DA:361,4
DA:362,8
DA:377,4
DA:389,4
DA:390,4
DA:391,16
DA:392,12
DA:393,12
DA:394,12
DA:395,12
DA:398,4
DA:400,4
DA:401,4
DA:402,4
DA:407,8
DA:408,8
DA:409,8
DA:410,4
DA:411,4
DA:412,4
DA:421,3
DA:425,3
DA:427,3
DA:428,3
DA:434,3
DA:435,3
DA:437,3
DA:442,3
DA:443,2
LF:159
LH:159
end_of_record
SF:lib/screens/my_day/my_day_screen.dart
DA:11,4
DA:12,2
DA:13,2
DA:17,2
DA:19,2
DA:21,2
DA:24,2
DA:26,2
DA:27,2
DA:28,2
DA:30,2
DA:33,4
DA:36,4
DA:41,8
DA:43,16
DA:45,2
DA:46,11
DA:47,2
DA:55,2
DA:57,2
DA:59,2
DA:61,2
DA:62,4
DA:63,2
DA:64,4
DA:65,2
DA:66,11
DA:67,4
DA:68,8
DA:70,6
DA:71,18
DA:73,20
DA:76,6
DA:86,2
DA:88,2
DA:90,2
DA:91,8
DA:92,2
LF:38
LH:38
end_of_record
SF:lib/screens/settings/settings_screen.dart
DA:26,4
DA:28,3
DA:30,3
DA:31,3
DA:33,3
DA:38,3
DA:39,3
DA:41,3
DA:42,3
DA:46,3
DA:51,3
DA:52,3
DA:55,3
DA:56,0
DA:62,3
DA:67,3
DA:68,0
DA:69,0
DA:75,3
DA:79,3
DA:80,3
DA:83,3
DA:84,2
DA:85,2
DA:88,3
DA:89,3
DA:90,3
DA:91,3
DA:94,3
DA:95,3
DA:96,3
DA:97,3
DA:99,3
DA:104,3
DA:110,3
DA:111,3
DA:113,6
DA:118,3
DA:124,1
DA:125,1
DA:126,3
DA:127,9
DA:130,3
DA:132,3
DA:136,3
DA:142,1
DA:143,1
DA:144,3
DA:145,9
DA:146,3
DA:147,3
DA:148,3
DA:155,3
DA:161,3
DA:162,3
DA:165,3
DA:166,1
DA:167,1
DA:170,6
DA:171,3
DA:172,3
DA:174,3
DA:175,2
DA:177,1
DA:184,3
DA:188,3
DA:189,5
DA:203,1
DA:204,1
DA:206,2
DA:213,1
DA:214,1
DA:215,3
DA:230,3
DA:234,3
DA:236,6
DA:241,3
DA:245,6
DA:252,3
DA:262,3
DA:264,3
DA:266,3
DA:268,3
DA:269,12
DA:271,3
DA:272,3
DA:273,12
DA:275,9
DA:278,3
DA:280,3
DA:281,6
DA:283,6
DA:286,3
DA:287,3
DA:289,3
DA:290,4
DA:301,3
DA:311,3
DA:313,3
DA:315,3
DA:317,3
DA:318,3
DA:320,9
DA:323,3
DA:325,9
DA:328,3
DA:330,3
DA:331,6
DA:333,6
DA:336,3
DA:337,3
DA:339,3
DA:340,4
DA:351,3
DA:355,3
DA:357,6
DA:359,3
DA:361,3
DA:363,15
DA:364,12
DA:366,3
DA:367,3
DA:370,3
DA:372,3
DA:374,3
DA:379,3
DA:380,6
DA:384,12
DA:397,3
DA:401,3
DA:403,3
DA:405,3
DA:407,3
DA:408,3
DA:410,9
DA:412,3
DA:413,3
DA:416,9
DA:426,3
DA:430,3
DA:432,3
DA:434,3
DA:435,3
DA:437,3
LF:144
LH:141
end_of_record
SF:lib/screens/splash/welcome_screen.dart
DA:10,4
DA:12,2
DA:14,4
DA:16,2
DA:18,2
DA:19,2
DA:21,2
DA:23,2
DA:25,2
DA:26,2
DA:29,2
DA:30,2
DA:33,4
DA:51,2
DA:53,4
DA:59,2
DA:61,4
DA:62,2
DA:66,2
DA:68,2
DA:69,2
DA:70,2
DA:71,4
DA:73,2
DA:75,2
DA:76,2
DA:78,4
DA:105,2
DA:106,2
DA:107,2
DA:111,2
DA:112,2
DA:121,2
DA:122,0
DA:123,2
DA:127,2
DA:128,2
DA:145,4
DA:149,2
DA:151,4
DA:152,2
DA:154,2
DA:155,4
DA:157,2
DA:158,2
DA:160,2
DA:161,8
DA:162,10
LF:48
LH:47
end_of_record
SF:lib/widgets/app_scaffold.dart
DA:22,4
DA:103,7
DA:104,28
DA:108,8
DA:109,16
DA:110,24
DA:127,8
DA:134,8
DA:136,16
DA:137,8
DA:140,3
DA:141,3
DA:142,3
DA:143,3
DA:145,6
DA:151,8
DA:152,8
DA:153,8
DA:155,7
DA:165,11
DA:190,11
DA:192,11
DA:194,11
DA:195,11
DA:199,11
DA:200,11
DA:201,11
DA:202,11
DA:205,11
DA:206,11
DA:208,11
DA:209,11
DA:220,11
DA:221,6
DA:222,6
DA:233,11
DA:234,11
DA:235,11
DA:236,7
DA:237,3
DA:243,22
DA:248,1
DA:249,1
DA:253,2
DA:254,2
DA:256,2
DA:262,7
DA:266,7
DA:268,7
DA:273,7
DA:275,7
DA:277,7
DA:278,21
DA:279,21
DA:280,7
DA:281,7
DA:285,14
DA:286,14
DA:287,7
DA:288,2
DA:289,7
DA:290,7
DA:292,7
DA:293,7
DA:294,7
DA:299,7
DA:301,7
DA:302,7
DA:306,7
DA:328,7
DA:339,3
DA:343,3
DA:345,3
DA:348,3
DA:350,3
DA:352,6
DA:353,9
DA:354,3
DA:358,6
DA:359,6
DA:360,3
DA:361,2
DA:362,3
DA:363,3
DA:372,3
DA:373,3
DA:374,3
DA:375,3
DA:382,3
DA:383,3
DA:384,3
DA:387,3
DA:405,3
LF:93
LH:93
end_of_record
SF:lib/widgets/empty_state.dart
DA:11,7
DA:24,4
DA:26,4
DA:28,12
DA:29,4
DA:34,4
DA:35,4
DA:37,4
DA:38,8
DA:40,4
DA:41,4
DA:43,12
DA:46,4
DA:47,4
DA:49,12
DA:51,7
DA:53,3
LF:17
LH:17
end_of_record
SF:lib/core/utils/haptics.dart
DA:15,1
DA:20,1
DA:21,2
DA:22,1
DA:23,0
DA:24,0
DA:25,0
LF:7
LH:4
end_of_record
SF:lib/models/vibration_pattern.dart
DA:47,1
DA:48,5
DA:51,1
DA:52,1
DA:53,4
DA:54,3
DA:60,4
DA:61,12
LF:8
LH:8
end_of_record
SF:lib/models/daily_task.dart
DA:4,10
DA:20,2
DA:21,2
DA:22,2
DA:23,2
DA:24,2
DA:25,2
DA:26,2
DA:27,0
LF:9
LH:8
end_of_record
SF:lib/data/mock_messages.dart
DA:10,9
DA:11,36
DA:12,9
DA:13,27
DA:14,9
DA:17,9
DA:19,9
DA:24,9
DA:27,9
DA:32,9
DA:36,9
DA:45,9
DA:47,9
DA:52,9
DA:57,9
DA:62,9
DA:65,9
DA:74,9
DA:78,9
DA:85,9
DA:87,9
DA:92,9
LF:22
LH:22
end_of_record
SF:lib/widgets/alert_banner.dart
DA:16,12
DA:35,16
DA:36,8
DA:37,5
DA:38,5
DA:39,3
DA:42,16
DA:43,8
DA:44,5
DA:45,5
DA:46,3
DA:49,8
DA:50,8
DA:52,7
DA:53,7
DA:54,3
DA:55,2
DA:56,0
DA:60,8
DA:62,8
DA:65,24
DA:66,8
DA:69,8
DA:70,8
DA:71,8
DA:72,16
DA:74,8
DA:75,8
DA:77,8
DA:78,8
DA:80,8
DA:81,24
DA:83,8
DA:84,8
DA:85,8
DA:86,8
DA:90,8
DA:97,8
DA:98,8
DA:99,16
DA:101,15
DA:103,14
LF:42
LH:41
end_of_record
SF:lib/widgets/responsive.dart
DA:16,11
DA:17,33
DA:22,5
DA:31,5
DA:33,5
DA:34,5
DA:35,10
DA:36,5
LF:8
LH:8
end_of_record
SF:lib/screens/contacts/widgets/contact_card.dart
DA:11,4
DA:13,4
DA:15,2
DA:17,2
DA:19,1
DA:31,4
DA:51,4
DA:52,12
DA:53,8
DA:54,12
DA:55,8
DA:56,4
DA:58,12
DA:59,4
DA:62,4
DA:64,4
DA:66,4
DA:67,4
DA:69,4
DA:70,4
DA:72,4
DA:73,4
DA:74,4
DA:75,4
DA:76,4
DA:77,4
DA:80,4
DA:81,4
DA:82,4
DA:83,8
DA:86,8
DA:89,4
DA:91,4
DA:92,8
DA:94,4
DA:95,4
DA:98,4
DA:99,4
DA:103,4
DA:104,4
DA:108,4
DA:109,8
DA:112,12
DA:117,8
DA:118,4
DA:124,4
DA:125,8
DA:128,8
DA:131,4
DA:132,4
DA:135,8
DA:140,12
DA:142,8
DA:144,4
DA:145,4
DA:163,4
DA:167,4
DA:169,4
DA:171,4
DA:172,4
DA:180,4
DA:181,8
DA:204,4
DA:208,4
DA:210,4
DA:214,4
DA:215,8
DA:220,4
DA:221,8
LF:69
LH:69
end_of_record
SF:lib/widgets/status_badge.dart
DA:16,4
DA:29,5
DA:33,5
DA:34,5
DA:36,5
DA:37,5
DA:38,5
DA:39,10
DA:41,5
DA:43,5
DA:44,15
DA:46,5
DA:47,5
DA:48,5
DA:51,5
DA:55,5
LF:16
LH:16
end_of_record
SF:lib/widgets/app_back_button.dart
DA:14,4
DA:18,5
DA:20,5
DA:22,5
DA:23,1
DA:24,1
DA:25,1
DA:26,1
DA:28,1
LF:9
LH:9
end_of_record
SF:lib/screens/messaging/widgets/message_bubble.dart
DA:9,4
DA:11,4
DA:13,4
DA:15,4
DA:17,4
DA:32,4
DA:49,4
DA:51,8
DA:53,4
DA:55,4
DA:56,20
DA:57,4
DA:59,4
DA:61,4
DA:63,12
DA:64,4
DA:65,4
DA:67,12
DA:79,4
DA:84,4
DA:86,8
DA:87,2
DA:90,8
DA:94,4
DA:96,4
DA:98,4
DA:99,4
DA:103,4
DA:105,4
DA:106,4
DA:107,4
DA:108,4
DA:115,10
DA:117,4
DA:119,4
DA:120,4
DA:121,8
DA:122,4
DA:124,4
DA:125,8
DA:134,2
DA:139,2
DA:141,4
DA:142,6
DA:146,2
DA:148,2
DA:150,2
DA:151,2
DA:153,2
DA:155,2
DA:156,2
DA:158,2
DA:159,2
DA:160,4
DA:162,6
DA:179,4
DA:184,4
DA:186,4
DA:188,4
DA:189,4
DA:190,12
DA:191,8
DA:193,12
DA:195,20
DA:197,4
DA:198,12
DA:199,8
DA:209,1
DA:213,1
DA:215,1
DA:218,1
DA:220,1
DA:221,1
DA:223,1
DA:225,1
DA:226,1
DA:227,1
DA:234,1
DA:235,1
DA:236,4
DA:250,1
DA:251,2
DA:266,4
DA:271,4
DA:273,4
DA:275,4
DA:276,4
DA:278,4
DA:280,4
DA:282,4
DA:283,12
LF:91
LH:91
end_of_record
SF:lib/screens/messaging/widgets/message_composer.dart
DA:13,4
DA:24,4
DA:25,4
DA:36,4
DA:38,8
DA:39,8
DA:40,4
DA:43,1
DA:44,2
DA:45,1
DA:46,3
DA:49,4
DA:50,2
DA:51,3
DA:52,2
DA:55,4
DA:57,7
DA:58,12
DA:60,4
DA:66,4
DA:69,4
DA:70,4
DA:72,4
DA:73,4
DA:74,4
DA:75,4
DA:76,4
DA:81,3
DA:83,4
DA:84,12
DA:85,12
DA:90,16
DA:91,4
DA:92,4
DA:95,4
DA:96,4
DA:99,4
DA:100,4
DA:110,4
DA:112,4
DA:116,3
DA:118,4
DA:119,4
DA:120,4
DA:121,4
LF:45
LH:45
end_of_record
SF:lib/screens/messaging/widgets/notify_button.dart
DA:13,4
DA:27,8
DA:31,4
DA:33,4
DA:34,4
DA:36,12
DA:37,4
DA:39,4
DA:40,4
DA:41,4
DA:42,4
DA:43,4
DA:44,4
DA:51,4
DA:52,4
DA:53,4
DA:58,4
DA:59,4
DA:66,4
DA:67,4
DA:70,4
DA:71,4
DA:72,8
DA:81,4
DA:82,4
LF:25
LH:25
end_of_record
SF:lib/screens/messaging/widgets/visual_flash.dart
DA:17,4
DA:32,4
DA:33,4
DA:40,8
DA:45,3
DA:47,3
DA:48,12
DA:49,2
DA:53,4
DA:55,8
DA:56,4
DA:59,4
DA:61,4
DA:62,4
DA:63,8
DA:67,4
DA:68,4
DA:69,4
DA:70,4
DA:71,4
DA:72,8
DA:73,4
DA:74,4
DA:75,1
DA:76,1
DA:77,1
DA:81,1
DA:83,1
DA:90,1
DA:91,2
LF:30
LH:30
end_of_record
SF:lib/screens/settings/widgets/settings_section.dart
DA:11,3
DA:24,3
DA:26,3
DA:28,3
DA:30,3
DA:31,3
DA:33,3
DA:34,3
DA:35,6
DA:37,3
DA:38,3
DA:39,3
DA:40,9
DA:47,15
DA:49,3
DA:50,3
DA:52,3
DA:53,3
DA:62,3
DA:64,6
LF:20
LH:20
end_of_record
SF:lib/screens/settings/widgets/settings_slider_tile.dart
DA:11,3
DA:45,3
DA:47,3
DA:49,3
DA:51,3
DA:53,3
DA:54,3
DA:55,3
DA:56,3
DA:57,12
DA:60,12
DA:63,3
DA:64,3
DA:65,3
DA:66,3
DA:67,3
DA:68,3
DA:69,3
DA:70,3
DA:72,3
DA:73,3
DA:74,3
DA:76,3
DA:78,3
DA:79,12
DA:80,12
DA:85,3
DA:86,3
DA:87,3
DA:88,9
LF:30
LH:30
end_of_record
SF:lib/screens/settings/widgets/settings_switch_tile.dart
DA:12,3
DA:32,3
DA:34,3
DA:35,3
DA:37,3
DA:38,3
DA:40,3
DA:41,3
DA:42,6
DA:47,3
DA:48,3
DA:49,3
DA:50,12
DA:53,3
DA:55,9
DA:61,3
DA:63,3
DA:64,12
DA:65,6
LF:19
LH:19
end_of_record
SF:lib/screens/settings/widgets/vibration_pattern_tile.dart
DA:14,3
DA:29,3
DA:31,3
DA:33,3
DA:34,3
DA:36,3
DA:37,3
DA:38,6
DA:39,5
DA:41,3
DA:42,6
DA:43,3
DA:44,3
DA:52,3
DA:53,3
DA:54,3
DA:55,3
DA:58,3
DA:59,3
DA:60,6
DA:61,6
DA:63,3
DA:64,6
DA:65,6
DA:71,3
DA:72,6
DA:81,3
DA:84,3
LF:28
LH:28
end_of_record
