SF:lib/core/utils/formatters.dart
DA:35,4
DA:36,8
DA:37,4
DA:38,12
DA:39,8
DA:40,4
DA:48,4
DA:49,3
DA:50,16
DA:52,16
DA:53,8
DA:55,4
DA:56,4
DA:57,24
LF:14
LH:14
end_of_record
SF:lib/models/contact.dart
DA:20,1
DA:21,2
DA:22,2
DA:46,5
DA:93,4
DA:94,4
DA:95,8
DA:96,8
DA:98,1
DA:99,2
DA:100,4
DA:101,1
DA:102,1
DA:103,2
DA:104,3
DA:106,5
DA:107,1
DA:111,3
DA:114,6
DA:134,4
DA:135,8
DA:136,4
DA:137,8
DA:138,16
DA:139,4
DA:140,4
DA:141,17
DA:142,3
DA:144,4
DA:149,18
DA:155,4
DA:156,16
DA:157,8
DA:158,8
DA:159,4
DA:162,1
DA:172,1
DA:173,1
DA:174,0
DA:175,1
DA:176,1
DA:177,1
DA:178,1
DA:179,1
DA:180,1
DA:181,1
DA:185,1
DA:187,4
DA:189,1
DA:190,2
DA:192,1
DA:193,5
LF:52
LH:51
end_of_record
SF:lib/models/vibration_pattern.dart
DA:47,1
DA:48,5
DA:51,1
DA:52,1
DA:53,4
DA:54,3
DA:60,3
DA:61,9
LF:8
LH:8
end_of_record
SF:lib/core/utils/validators.dart
DA:15,4
DA:16,4
DA:17,4
DA:20,4
DA:21,1
DA:22,1
DA:28,8
DA:31,4
DA:32,8
DA:33,4
DA:34,4
LF:11
LH:11
end_of_record
SF:lib/app.dart
DA:23,8
DA:38,8
DA:39,8
DA:43,8
DA:44,24
DA:46,8
DA:48,8
DA:49,8
DA:50,8
DA:51,6
DA:52,6
DA:55,8
DA:56,6
DA:57,6
DA:60,8
DA:61,4
DA:62,16
DA:64,8
DA:65,6
DA:66,6
DA:70,8
DA:73,8
DA:74,8
LF:23
LH:23
end_of_record
SF:lib/core/routing/app_router.dart
DA:40,8
DA:44,8
DA:46,8
DA:49,7
DA:50,7
DA:52,8
DA:55,8
DA:56,8
DA:59,1
DA:62,8
DA:65,1
DA:68,8
DA:71,2
DA:74,8
DA:76,7
DA:77,21
DA:78,8
DA:79,8
DA:82,3
DA:83,3
DA:85,8
DA:88,2
DA:89,2
DA:92,8
DA:95,2
DA:96,2
DA:98,8
DA:101,1
DA:102,1
DA:105,8
DA:108,0
DA:109,0
DA:111,8
DA:114,1
DA:115,1
DA:117,8
DA:120,1
DA:121,1
DA:127,8
DA:130,3
DA:131,6
DA:132,3
DA:136,2
DA:137,1
DA:138,1
DA:143,1
DA:144,2
LF:47
LH:45
end_of_record
SF:lib/core/routing/routes.dart
DA:45,4
LF:1
LH:1
end_of_record
SF:lib/core/theme/app_theme.dart
DA:39,8
DA:44,8
DA:47,8
DA:60,8
DA:64,8
DA:69,8
DA:70,8
DA:72,8
DA:78,8
DA:85,8
DA:91,8
DA:98,8
DA:105,8
DA:111,8
DA:117,8
DA:124,8
DA:125,8
DA:126,8
DA:127,8
DA:133,8
LF:20
LH:20
end_of_record
SF:lib/data/contact_repository.dart
DA:15,9
DA:16,9
DA:24,4
DA:26,8
DA:27,0
DA:29,4
LF:6
LH:5
end_of_record
SF:lib/data/daily_tasks_repository.dart
DA:66,4
DA:67,12
DA:69,2
DA:71,4
DA:72,10
DA:76,4
DA:77,4
DA:79,1
DA:81,1
LF:9
LH:9
end_of_record
SF:lib/data/message_repository.dart
DA:29,9
DA:30,0
DA:31,9
DA:32,8
DA:39,4
DA:41,4
DA:42,16
DA:43,4
DA:44,20
DA:48,2
DA:53,2
DA:61,2
DA:66,2
DA:74,2
DA:80,4
DA:81,2
DA:82,4
DA:86,2
DA:89,8
DA:92,4
LF:20
LH:19
end_of_record
SF:lib/data/settings_repository.dart
DA:18,1
DA:26,1
DA:27,1
DA:29,0
DA:32,1
DA:34,1
DA:35,1
DA:36,3
DA:37,2
DA:38,1
DA:40,1
DA:43,1
DA:45,1
DA:46,3
DA:47,2
DA:48,1
DA:49,1
DA:50,1
DA:51,1
DA:52,1
DA:53,1
DA:54,0
DA:56,2
DA:61,1
DA:63,1
DA:64,3
DA:65,2
DA:75,9
DA:79,5
DA:80,5
DA:82,3
DA:84,3
DA:87,1
DA:89,1
LF:34
LH:32
end_of_record
SF:lib/state/contacts_controller.dart
DA:12,4
DA:21,8
DA:25,8
DA:28,12
DA:31,4
DA:32,4
DA:33,4
DA:34,4
DA:36,12
DA:38,2
DA:39,2
DA:41,4
DA:42,4
DA:50,4
DA:51,8
DA:52,8
LF:16
LH:16
end_of_record
SF:lib/state/daily_tasks_controller.dart
DA:6,4
DA:11,12
DA:13,24
DA:14,12
DA:15,24
DA:17,12
DA:19,2
DA:20,10
DA:21,6
DA:22,2
DA:25,1
DA:26,2
DA:27,1
LF:13
LH:13
end_of_record
SF:lib/state/messages_controller.dart
DA:12,4
DA:22,8
DA:25,12
DA:28,4
DA:29,12
DA:32,4
DA:33,8
DA:34,8
DA:42,4
DA:43,4
DA:45,4
DA:46,4
DA:47,12
DA:48,4
DA:60,4
DA:61,8
DA:62,8
DA:64,8
DA:65,4
DA:66,4
DA:67,4
DA:73,3
DA:74,2
DA:75,3
DA:80,4
DA:81,8
DA:82,8
DA:83,4
DA:84,4
DA:86,16
DA:88,2
DA:89,4
DA:91,8
DA:92,4
DA:98,4
DA:99,8
DA:100,4
DA:105,4
DA:106,12
DA:115,2
DA:116,4
DA:118,2
DA:121,6
DA:122,12
DA:123,2
DA:132,2
DA:133,4
DA:135,4
DA:136,6
DA:137,12
DA:138,2
LF:51
LH:51
end_of_record
SF:lib/state/settings_controller.dart
DA:14,5
DA:22,6
DA:23,2
DA:27,3
DA:28,3
DA:29,9
DA:30,3
DA:31,3
DA:32,3
DA:33,3
DA:34,12
DA:37,5
DA:38,5
DA:39,5
DA:41,15
DA:43,1
DA:45,5
DA:46,5
DA:54,3
DA:55,6
DA:56,3
DA:57,3
DA:58,6
DA:61,1
DA:62,3
DA:64,3
DA:65,9
DA:67,2
DA:68,6
DA:70,2
DA:71,6
DA:73,2
DA:74,6
DA:76,2
DA:77,6
DA:79,2
DA:80,6
LF:37
LH:37
end_of_record
SF:lib/screens/appointments/appts_screen.dart
DA:6,4
DA:13,1
DA:15,1
DA:17,1
DA:18,2
DA:19,1
DA:20,2
DA:21,1
DA:22,5
DA:24,1
DA:26,1
DA:28,2
DA:29,5
DA:32,0
LF:14
LH:13
end_of_record
SF:lib/screens/auth/sign_in_screen.dart
DA:8,4
DA:9,1
DA:11,2
DA:12,1
DA:14,1
DA:15,1
DA:17,1
DA:19,1
DA:21,1
DA:23,1
DA:26,3
DA:30,2
DA:32,2
DA:34,2
DA:36,4
DA:38,2
DA:40,4
DA:42,5
DA:44,6
DA:46,2
DA:48,5
LF:21
LH:21
end_of_record
SF:lib/screens/auth/sign_up_screen.dart
DA:8,4
DA:9,2
DA:11,4
DA:12,2
DA:14,2
DA:15,2
DA:17,2
DA:19,2
DA:21,2
DA:23,2
DA:26,6
DA:30,4
DA:32,4
DA:34,4
DA:36,4
DA:38,8
DA:40,4
DA:42,8
DA:44,4
DA:46,4
DA:48,8
DA:50,4
DA:52,8
DA:54,8
DA:56,4
DA:58,10
LF:26
LH:26
end_of_record
SF:lib/screens/contacts/contacts_screen.dart
DA:24,4
DA:26,3
DA:27,3
DA:31,3
DA:33,3
DA:36,12
DA:39,3
DA:40,6
DA:41,3
DA:42,3
DA:43,3
DA:44,3
DA:45,15
DA:48,2
DA:49,4
DA:51,4
DA:61,3
DA:66,3
DA:73,3
DA:74,1
DA:79,1
DA:80,1
DA:87,3
DA:88,3
DA:100,3
DA:101,3
DA:104,6
DA:105,3
DA:106,3
DA:110,3
DA:111,6
DA:113,3
DA:115,6
DA:116,6
DA:117,4
DA:121,3
DA:127,3
DA:129,3
DA:130,3
DA:131,3
DA:133,3
DA:136,3
DA:137,3
DA:138,3
DA:140,3
DA:142,3
DA:145,3
DA:157,4
DA:159,3
LF:49
LH:49
end_of_record
SF:lib/screens/home/home_screen.dart
DA:10,4
DA:11,2
DA:12,2
DA:26,2
DA:28,2
DA:29,4
DA:30,10
DA:33,2
DA:34,6
DA:36,6
DA:37,6
DA:38,7
DA:39,4
DA:41,2
DA:43,4
DA:44,2
DA:46,2
DA:47,2
DA:48,2
DA:49,4
DA:55,2
DA:56,4
DA:58,2
DA:60,2
DA:61,4
DA:62,2
DA:64,2
DA:68,2
DA:69,0
DA:70,2
DA:78,2
DA:80,2
DA:82,2
DA:83,2
DA:85,2
DA:86,2
DA:87,2
DA:89,2
DA:91,2
DA:116,2
DA:117,12
DA:118,2
DA:119,4
DA:120,10
DA:122,18
DA:124,2
DA:125,10
DA:126,2
DA:127,2
DA:128,4
DA:129,2
DA:131,4
DA:132,4
DA:135,6
DA:136,12
DA:137,12
DA:141,12
DA:145,2
DA:146,10
DA:147,2
DA:148,2
DA:149,2
DA:150,2
DA:151,2
DA:156,2
DA:157,22
DA:160,1
DA:161,3
DA:162,1
DA:163,4
DA:164,3
DA:171,2
DA:172,2
DA:173,2
DA:181,1
DA:182,3
DA:183,6
DA:185,1
DA:189,1
DA:190,1
DA:192,2
DA:194,2
DA:195,2
DA:196,3
DA:198,3
DA:200,3
DA:203,3
DA:204,4
DA:205,4
DA:208,1
DA:209,4
DA:210,1
DA:211,1
DA:212,1
DA:213,6
DA:214,1
DA:220,1
DA:221,2
DA:222,2
DA:224,3
DA:225,5
DA:227,2
DA:229,3
DA:233,2
DA:234,8
DA:235,3
DA:236,2
DA:241,1
DA:243,8
LF:109
LH:108
end_of_record
SF:lib/screens/medicines/medicine_screen.dart
DA:6,4
DA:8,2
DA:9,2
DA:18,2
DA:20,2
DA:22,2
DA:23,4
DA:24,2
DA:25,4
DA:26,2
DA:27,10
DA:28,2
DA:30,2
DA:31,4
DA:32,8
DA:35,2
DA:36,1
DA:37,2
DA:38,3
LF:19
LH:19
end_of_record
SF:lib/screens/memories/memories_screen.dart
DA:6,4
DA:13,2
DA:15,2
DA:17,2
DA:25,4
DA:26,2
DA:27,4
DA:28,2
DA:29,8
DA:31,2
DA:32,0
DA:35,2
DA:37,2
DA:39,2
DA:41,2
DA:42,2
DA:43,2
DA:44,2
DA:49,4
DA:51,8
LF:20
LH:19
end_of_record
SF:lib/screens/messaging/message_thread_screen.dart
DA:32,3
DA:39,3
DA:40,3
DA:50,3
DA:52,3
DA:53,12
DA:56,3
DA:58,6
DA:59,3
DA:62,3
DA:63,6
DA:66,6
DA:67,6
DA:68,2
DA:70,9
DA:71,3
DA:75,9
DA:76,3
DA:79,3
DA:80,9
DA:81,6
DA:82,15
DA:86,1
DA:87,5
DA:88,1
DA:89,1
DA:94,1
DA:95,2
DA:96,2
DA:98,4
DA:99,1
DA:103,3
DA:105,4
DA:106,1
DA:107,1
DA:110,3
DA:112,3
DA:113,3
DA:114,3
DA:116,9
DA:118,4
DA:121,9
DA:122,3
DA:123,9
DA:125,3
DA:127,3
DA:128,3
DA:137,3
DA:138,3
DA:139,3
DA:141,3
DA:142,3
DA:145,3
DA:146,3
DA:148,3
DA:149,3
DA:160,3
DA:161,3
DA:162,3
DA:163,6
DA:168,3
DA:169,3
DA:170,3
DA:187,3
DA:190,1
DA:191,1
DA:193,1
DA:194,2
DA:196,1
DA:201,3
DA:204,3
DA:205,2
DA:207,6
DA:211,3
DA:212,3
DA:213,3
DA:214,6
DA:216,3
DA:217,3
DA:221,2
DA:222,2
DA:229,2
DA:234,2
DA:235,2
DA:241,3
DA:242,3
DA:244,3
DA:246,3
DA:247,3
DA:248,3
DA:249,3
DA:250,2
DA:254,3
DA:255,3
DA:256,3
DA:271,3
DA:276,9
DA:280,4
DA:281,1
DA:282,1
DA:284,1
DA:285,1
DA:288,1
DA:289,1
DA:291,1
DA:292,2
DA:293,1
DA:294,3
DA:304,3
DA:305,1
DA:308,2
DA:313,3
DA:314,3
DA:316,3
DA:317,6
DA:321,1
DA:322,1
DA:323,1
DA:324,2
DA:327,2
DA:328,1
DA:332,1
DA:333,1
DA:334,3
DA:345,3
DA:349,3
DA:351,3
DA:352,3
DA:356,3
DA:359,3
DA:361,3
DA:362,6
DA:377,3
DA:389,3
DA:390,3
DA:391,12
DA:392,9
DA:393,9
DA:394,9
DA:395,9
DA:398,3
DA:400,3
DA:401,3
DA:402,3
DA:407,6
DA:408,6
DA:409,6
DA:410,3
DA:411,3
DA:412,3
DA:421,2
DA:425,2
DA:427,2
DA:428,2
DA:434,2
DA:435,2
DA:437,2
DA:442,2
DA:443,2
LF:159
LH:159
end_of_record
SF:lib/screens/my_day/my_day_screen.dart
DA:11,4
DA:12,1
DA:13,1
DA:17,1
DA:19,1
DA:21,1
DA:24,1
DA:26,1
DA:27,1
DA:28,1
DA:30,1
DA:33,2
DA:36,2
DA:37,4
DA:39,8
DA:41,1
DA:42,7
DA:43,1
DA:51,1
DA:53,1
DA:55,1
DA:57,1
DA:58,2
DA:59,1
DA:60,2
DA:61,1
DA:62,6
DA:63,2
DA:64,4
DA:66,3
DA:67,9
DA:69,10
DA:72,3
DA:82,1
DA:84,1
DA:86,1
DA:87,4
DA:88,1
LF:38
LH:38
end_of_record
SF:lib/screens/settings/settings_screen.dart
DA:26,4
DA:28,2
DA:30,2
DA:31,2
DA:33,2
DA:38,2
DA:39,2
DA:41,2
DA:42,2
DA:46,2
DA:51,2
DA:52,2
DA:55,2
DA:56,0
DA:62,2
DA:67,2
DA:68,0
DA:69,0
DA:75,2
DA:79,2
DA:80,2
DA:83,2
DA:84,2
DA:85,2
DA:88,2
DA:89,2
DA:90,2
DA:91,2
DA:94,2
DA:95,2
DA:96,2
DA:97,2
DA:99,2
DA:104,2
DA:110,2
DA:111,2
DA:113,4
DA:118,2
DA:124,1
DA:125,1
DA:126,2
DA:127,6
DA:130,2
DA:132,2
DA:136,2
DA:142,1
DA:143,1
DA:144,2
DA:145,6
DA:146,2
DA:147,2
DA:148,2
DA:155,2
DA:161,2
DA:162,2
DA:165,2
DA:166,1
DA:167,1
DA:170,4
DA:171,2
DA:172,2
DA:174,2
DA:175,2
DA:177,1
DA:184,2
DA:188,2
DA:189,4
DA:203,1
DA:204,1
DA:206,2
DA:213,1
DA:214,1
DA:215,3
DA:230,2
DA:234,2
DA:236,4
DA:241,2
DA:245,4
DA:252,2
DA:262,2
DA:264,2
DA:266,2
DA:268,2
DA:269,8
DA:271,2
DA:272,2
DA:273,8
DA:275,6
DA:278,2
DA:280,2
DA:281,4
DA:283,4
DA:286,2
DA:287,2
DA:289,2
DA:290,4
DA:301,2
DA:311,2
DA:313,2
DA:315,2
DA:317,2
DA:318,2
DA:320,6
DA:323,2
DA:325,6
DA:328,2
DA:330,2
DA:331,4
DA:333,4
DA:336,2
DA:337,2
DA:339,2
DA:340,4
DA:351,2
DA:355,2
DA:357,4
DA:359,2
DA:361,2
DA:363,10
DA:364,8
DA:366,2
DA:367,2
DA:370,2
DA:372,2
DA:374,2
DA:379,2
DA:380,4
DA:384,8
DA:397,2
DA:401,2
DA:403,2
DA:405,2
DA:407,2
DA:408,2
DA:410,6
DA:412,2
DA:413,2
DA:416,6
DA:426,2
DA:430,2
DA:432,2
DA:434,2
DA:435,2
DA:437,2
LF:144
LH:141
end_of_record
SF:lib/screens/splash/welcome_screen.dart
DA:10,4
DA:12,1
DA:14,2
DA:16,1
DA:18,1
DA:19,1
DA:21,1
DA:23,1
DA:25,1
DA:26,1
DA:29,1
DA:30,1
DA:33,2
DA:51,1
DA:53,2
DA:59,1
DA:61,2
DA:62,1
DA:66,1
DA:68,1
DA:69,1
DA:70,1
DA:71,2
DA:73,1
DA:75,1
DA:76,1
DA:78,2
DA:105,1
DA:106,2
DA:107,1
DA:111,1
DA:112,1
DA:121,1
DA:122,0
DA:123,1
DA:127,1
DA:128,1
DA:145,4
DA:149,1
DA:151,2
DA:152,1
DA:154,1
DA:155,2
DA:157,1
DA:158,1
DA:160,1
DA:161,4
DA:162,5
LF:48
LH:47
end_of_record
SF:lib/widgets/app_scaffold.dart
DA:22,4
DA:103,6
DA:104,24
DA:108,7
DA:109,14
DA:110,21
DA:127,7
DA:134,7
DA:136,14
DA:137,7
DA:140,2
DA:141,2
DA:142,2
DA:143,2
DA:145,4
DA:151,7
DA:152,7
DA:153,7
DA:155,6
DA:165,10
DA:190,10
DA:192,10
DA:194,10
DA:195,10
DA:199,10
DA:200,10
DA:201,10
DA:202,10
DA:205,10
DA:206,10
DA:208,10
DA:209,10
DA:220,10
DA:221,5
DA:222,5
DA:233,10
DA:234,10
DA:235,10
DA:236,6
DA:237,3
DA:243,20
DA:248,1
DA:249,1
DA:253,2
DA:254,2
DA:256,2
DA:262,6
DA:266,6
DA:268,6
DA:273,6
DA:275,6
DA:277,6
DA:278,18
DA:279,18
DA:280,6
DA:281,6
DA:285,12
DA:286,12
DA:287,6
DA:288,2
DA:289,6
DA:290,6
DA:292,6
DA:293,6
DA:294,6
DA:299,6
DA:301,6
DA:302,6
DA:306,6
DA:328,6
DA:339,2
DA:343,2
DA:345,2
DA:348,2
DA:350,2
DA:352,4
DA:353,6
DA:354,2
DA:358,4
DA:359,4
DA:360,2
DA:361,2
DA:362,2
DA:363,2
DA:372,2
DA:373,2
DA:374,2
DA:375,2
DA:382,2
DA:383,2
DA:384,2
DA:387,2
DA:405,2
LF:93
LH:93
end_of_record
SF:lib/widgets/empty_state.dart
DA:11,6
DA:24,3
DA:26,3
DA:28,9
DA:29,3
DA:34,3
DA:35,3
DA:37,3
DA:38,6
DA:40,3
DA:41,3
DA:43,9
DA:46,3
DA:47,3
DA:49,9
DA:51,5
DA:53,2
LF:17
LH:17
end_of_record
SF:lib/core/utils/haptics.dart
DA:15,1
DA:20,1
DA:21,2
DA:22,1
DA:23,0
DA:24,0
DA:25,0
LF:7
LH:4
end_of_record
SF:lib/models/daily_task.dart
DA:4,9
DA:20,2
DA:21,2
DA:22,2
DA:23,2
DA:24,2
DA:25,2
DA:26,2
DA:27,0
LF:9
LH:8
end_of_record
SF:lib/models/message.dart
DA:32,10
DA:63,15
DA:64,15
DA:67,4
DA:68,16
DA:73,5
DA:74,5
DA:75,5
DA:77,5
DA:78,4
DA:79,5
DA:80,2
DA:86,4
DA:87,4
DA:88,4
DA:89,4
DA:90,2
DA:92,4
DA:93,4
DA:94,6
DA:95,12
DA:96,20
DA:97,4
DA:100,1
DA:108,1
DA:109,1
DA:110,1
DA:111,1
DA:112,0
DA:113,1
DA:114,1
DA:115,0
DA:116,1
DA:117,1
DA:121,2
DA:123,4
DA:125,1
DA:126,2
DA:128,1
DA:129,6
LF:40
LH:38
end_of_record
SF:lib/data/mock_messages.dart
DA:10,8
DA:11,32
DA:12,8
DA:13,24
DA:14,8
DA:17,8
DA:19,8
DA:24,8
DA:27,8
DA:32,8
DA:36,8
DA:45,8
DA:47,8
DA:52,8
DA:57,8
DA:62,8
DA:65,8
DA:74,8
DA:78,8
DA:85,8
DA:87,8
DA:92,8
LF:22
LH:22
end_of_record
SF:lib/models/accessibility_settings.dart
DA:16,2
DA:17,4
DA:18,4
DA:40,2
DA:41,4
DA:42,4
DA:54,8
DA:112,5
DA:113,5
DA:114,10
DA:117,5
DA:118,5
DA:119,10
DA:123,12
DA:126,12
DA:129,3
DA:130,12
DA:131,3
DA:132,8
DA:140,9
DA:143,6
DA:147,5
DA:157,5
DA:158,5
DA:159,5
DA:160,4
DA:161,5
DA:162,5
DA:163,10
DA:164,10
DA:165,5
DA:170,2
DA:171,2
DA:172,2
DA:173,2
DA:174,2
DA:175,4
DA:176,4
DA:177,2
DA:178,2
DA:179,2
DA:187,2
DA:188,2
DA:189,2
DA:190,2
DA:193,2
DA:196,4
DA:197,4
DA:198,4
DA:199,4
DA:200,6
DA:202,6
DA:204,4
DA:208,4
DA:211,4
DA:212,12
DA:213,12
DA:214,12
DA:215,9
DA:216,9
DA:217,9
DA:218,9
DA:219,9
DA:222,1
DA:223,1
DA:224,1
DA:225,1
DA:226,1
DA:227,1
DA:228,1
DA:229,1
DA:230,1
DA:231,1
LF:73
LH:73
end_of_record
SF:lib/widgets/alert_banner.dart
DA:16,11
DA:35,14
DA:36,7
DA:37,4
DA:38,4
DA:39,2
DA:42,14
DA:43,7
DA:44,4
DA:45,4
DA:46,2
DA:49,7
DA:50,7
DA:52,6
DA:53,6
DA:54,3
DA:55,2
DA:56,0
DA:60,7
DA:62,7
DA:65,21
DA:66,7
DA:69,7
DA:70,7
DA:71,7
DA:72,14
DA:74,7
DA:75,7
DA:77,7
DA:78,7
DA:80,7
DA:81,21
DA:83,7
DA:84,7
DA:85,7
DA:86,7
DA:90,7
DA:97,7
DA:98,7
DA:99,14
DA:101,13
DA:103,12
LF:42
LH:41
end_of_record
SF:lib/widgets/responsive.dart
DA:16,10
DA:17,30
DA:22,4
DA:31,4
DA:33,4
DA:34,4
DA:35,8
DA:36,4
LF:8
LH:8
end_of_record
SF:lib/screens/contacts/widgets/contact_card.dart
DA:11,3
DA:13,3
DA:15,2
DA:17,2
DA:19,1
DA:31,3
DA:51,3
DA:52,9
DA:53,6
DA:54,9
DA:55,6
DA:56,3
DA:58,9
DA:59,3
DA:62,3
DA:64,3
DA:66,3
DA:67,3
DA:69,3
DA:70,3
DA:72,3
DA:73,3
DA:74,3
DA:75,3
DA:76,3
DA:77,3
DA:80,3
DA:81,3
DA:82,3
DA:83,6
DA:86,6
DA:89,3
DA:91,3
DA:92,6
DA:94,3
DA:95,3
DA:98,3
DA:99,3
DA:103,3
DA:104,3
DA:108,3
DA:109,6
DA:112,9
DA:117,6
DA:118,3
DA:124,3
DA:125,6
DA:128,6
DA:131,3
DA:132,3
DA:135,6
DA:140,9
DA:142,6
DA:144,3
DA:145,3
DA:163,3
DA:167,3
DA:169,3
DA:171,3
DA:172,3
DA:180,3
DA:181,6
DA:204,3
DA:208,3
DA:210,3
DA:214,3
DA:215,6
DA:220,3
DA:221,6
LF:69
LH:69
end_of_record
SF:lib/widgets/status_badge.dart
DA:16,4
DA:29,4
DA:33,4
DA:34,4
DA:36,4
DA:37,4
DA:38,4
DA:39,8
DA:41,4
DA:43,4
DA:44,12
DA:46,4
DA:47,4
DA:48,4
DA:51,4
DA:55,4
LF:16
LH:16
end_of_record
SF:lib/widgets/app_back_button.dart
DA:14,4
DA:18,4
DA:20,4
DA:22,4
DA:23,1
DA:24,1
DA:25,1
DA:26,1
DA:28,1
LF:9
LH:9
end_of_record
SF:lib/screens/messaging/widgets/message_bubble.dart
DA:9,3
DA:11,3
DA:13,3
DA:15,3
DA:17,3
DA:32,3
DA:49,3
DA:51,6
DA:53,3
DA:55,3
DA:56,15
DA:57,3
DA:59,3
DA:61,3
DA:63,9
DA:64,3
DA:65,3
DA:67,9
DA:79,3
DA:84,3
DA:86,6
DA:87,2
DA:90,6
DA:94,3
DA:96,3
DA:98,3
DA:99,3
DA:103,3
DA:105,3
DA:106,3
DA:107,3
DA:108,3
DA:115,8
DA:117,4
DA:119,3
DA:120,3
DA:121,6
DA:122,3
DA:124,3
DA:125,6
DA:134,2
DA:139,2
DA:141,4
DA:142,6
DA:146,2
DA:148,2
DA:150,2
DA:151,2
DA:153,2
DA:155,2
DA:156,2
DA:158,2
DA:159,2
DA:160,4
DA:162,6
DA:179,3
DA:184,3
DA:186,3
DA:188,3
DA:189,3
DA:190,9
DA:191,6
DA:193,9
DA:195,15
DA:197,3
DA:198,9
DA:199,6
DA:209,1
DA:213,1
DA:215,1
DA:218,1
DA:220,1
DA:221,1
DA:223,1
DA:225,1
DA:226,1
DA:227,1
DA:234,1
DA:235,1
DA:236,4
DA:250,1
DA:251,2
DA:266,3
DA:271,3
DA:273,3
DA:275,3
DA:276,3
DA:278,3
DA:280,3
DA:282,3
DA:283,9
LF:91
LH:91
end_of_record
SF:lib/screens/messaging/widgets/message_composer.dart
DA:13,3
DA:24,3
DA:25,3
DA:36,3
DA:38,6
DA:39,6
DA:40,3
DA:43,1
DA:44,2
DA:45,1
DA:46,3
DA:49,4
DA:50,2
DA:51,3
DA:52,2
DA:55,3
DA:57,6
DA:58,9
DA:60,3
DA:66,3
DA:69,3
DA:70,3
DA:72,3
DA:73,3
DA:74,3
DA:75,3
DA:76,3
DA:81,3
DA:83,3
DA:84,9
DA:85,9
DA:90,12
DA:91,3
DA:92,3
DA:95,3
DA:96,3
DA:99,3
DA:100,3
DA:110,3
DA:112,3
DA:116,3
DA:118,3
DA:119,3
DA:120,3
DA:121,3
LF:45
LH:45
end_of_record
SF:lib/screens/messaging/widgets/notify_button.dart
DA:13,3
DA:27,6
DA:31,3
DA:33,3
DA:34,3
DA:36,9
DA:37,3
DA:39,3
DA:40,3
DA:41,3
DA:42,3
DA:43,3
DA:44,3
DA:51,3
DA:52,3
DA:53,3
DA:58,3
DA:59,3
DA:66,3
DA:67,3
DA:70,3
DA:71,3
DA:72,6
DA:81,3
DA:82,3
LF:25
LH:25
end_of_record
SF:lib/screens/messaging/widgets/visual_flash.dart
DA:17,3
DA:32,3
DA:33,3
DA:40,6
DA:45,3
DA:47,3
DA:48,12
DA:49,2
DA:53,3
DA:55,6
DA:56,3
DA:59,3
DA:61,3
DA:62,3
DA:63,6
DA:67,3
DA:68,3
DA:69,3
DA:70,3
DA:71,3
DA:72,6
DA:73,3
DA:74,4
DA:75,1
DA:76,1
DA:77,1
DA:81,1
DA:83,1
DA:90,1
DA:91,2
LF:30
LH:30
end_of_record
SF:lib/screens/settings/widgets/settings_section.dart
DA:11,2
DA:24,2
DA:26,2
DA:28,2
DA:30,2
DA:31,2
DA:33,2
DA:34,2
DA:35,4
DA:37,2
DA:38,2
DA:39,2
DA:40,6
DA:47,10
DA:49,2
DA:50,2
DA:52,2
DA:53,2
DA:62,2
DA:64,4
LF:20
LH:20
end_of_record
SF:lib/screens/settings/widgets/settings_slider_tile.dart
DA:11,2
DA:45,2
DA:47,2
DA:49,2
DA:51,2
DA:53,2
DA:54,2
DA:55,2
DA:56,2
DA:57,8
DA:60,8
DA:63,2
DA:64,2
DA:65,2
DA:66,2
DA:67,2
DA:68,2
DA:69,2
DA:70,2
DA:72,2
DA:73,2
DA:74,2
DA:76,2
DA:78,2
DA:79,8
DA:80,8
DA:85,2
DA:86,2
DA:87,2
DA:88,6
LF:30
LH:30
end_of_record
SF:lib/screens/settings/widgets/settings_switch_tile.dart
DA:12,2
DA:32,2
DA:34,2
DA:35,2
DA:37,2
DA:38,2
DA:40,2
DA:41,2
DA:42,4
DA:47,2
DA:48,2
DA:49,2
DA:50,8
DA:53,2
DA:55,6
DA:61,2
DA:63,2
DA:64,8
DA:65,4
LF:19
LH:19
end_of_record
SF:lib/screens/settings/widgets/vibration_pattern_tile.dart
DA:14,2
DA:29,2
DA:31,2
DA:33,2
DA:34,2
DA:36,2
DA:37,2
DA:38,4
DA:39,5
DA:41,2
DA:42,4
DA:43,2
DA:44,2
DA:52,2
DA:53,2
DA:54,2
DA:55,2
DA:58,2
DA:59,2
DA:60,4
DA:61,4
DA:63,2
DA:64,4
DA:65,4
DA:71,2
DA:72,4
DA:81,2
DA:84,2
LF:28
LH:28
end_of_record
