TN:
SF:src/AppProviders.tsx
FN:18,LoadSettings
FN:20,(anonymous_1)
FN:33,AppProviders
FNF:3
FNH:3
FNDA:364,LoadSettings
FNDA:119,(anonymous_1)
FNDA:119,AppProviders
DA:19,364
DA:20,364
DA:21,119
DA:23,364
DA:52,119
LF:5
LH:5
BRF:0
BRH:0
end_of_record
TN:
SF:src/components/AlertBanner.tsx
FN:29,AlertBanner
FNF:1
FNH:1
FNDA:405,AlertBanner
DA:11,14
DA:44,405
DA:46,405
DA:63,14
LF:4
LH:4
BRDA:32,0,0,0
BRDA:54,1,0,405
BRDA:54,1,1,55
BRDA:58,2,0,56
BRDA:58,2,1,349
BRF:5
BRH:4
end_of_record
TN:
SF:src/components/AppButton.tsx
FN:14,AppButton
FN:51,(anonymous_1)
FNF:2
FNH:2
FNDA:215,AppButton
FNDA:215,(anonymous_1)
DA:39,215
DA:40,215
DA:42,215
DA:51,215
DA:69,14
LF:5
LH:5
BRDA:18,0,0,119
BRDA:19,1,0,215
BRDA:22,2,0,127
BRDA:23,3,0,167
BRDA:40,4,0,215
BRDA:40,4,1,210
BRDA:40,5,0,174
BRDA:40,5,1,36
BRDA:48,6,0,215
BRDA:48,6,1,144
BRDA:53,7,0,215
BRDA:53,7,1,88
BRDA:55,8,0,179
BRDA:55,8,1,36
BRDA:57,9,0,0
BRDA:57,9,1,215
BRDA:57,10,0,0
BRDA:57,10,1,215
BRDA:62,11,0,156
BRDA:62,11,1,59
BRF:20
BRH:18
end_of_record
TN:
SF:src/components/AppHeader.tsx
FN:17,AppHeader
FNF:1
FNH:1
FNDA:509,AppHeader
DA:34,509
DA:36,509
DA:80,14
LF:3
LH:3
BRDA:21,0,0,418
BRDA:38,1,0,91
BRDA:38,1,1,418
BRDA:57,2,0,475
BRDA:57,2,1,34
BRDA:66,3,0,379
BRDA:66,3,1,130
BRF:7
BRH:7
end_of_record
TN:
SF:src/components/EmptyState.tsx
FN:15,EmptyState
FNF:1
FNH:1
FNDA:90,EmptyState
DA:26,90
DA:40,14
LF:2
LH:2
BRDA:35,0,0,0
BRDA:35,0,1,90
BRF:2
BRH:1
end_of_record
TN:
SF:src/components/Icon.tsx
FN:14,Icon
FNF:1
FNH:1
FNDA:3606,Icon
DA:27,3606
LF:1
LH:1
BRDA:16,0,0,0
BRDA:18,1,0,3606
BRDA:33,2,0,3606
BRDA:33,2,1,0
BRDA:34,3,0,3606
BRDA:34,3,1,0
BRF:6
BRH:3
end_of_record
TN:
SF:src/components/ReadableWidth.tsx
FN:10,ReadableWidth
FNF:1
FNH:1
FNDA:451,ReadableWidth
DA:17,451
DA:24,14
LF:2
LH:2
BRDA:12,0,0,83
BRF:1
BRH:1
end_of_record
TN:
SF:src/components/StatusBadge.tsx
FN:15,StatusBadge
FNF:1
FNH:1
FNDA:180,StatusBadge
DA:26,180
DA:38,14
LF:2
LH:2
BRDA:18,0,0,175
BRDA:19,1,0,175
BRF:2
BRH:2
end_of_record
TN:
SF:src/data/appointmentRepository.ts
FN:16,createMockAppointmentRepository
FN:20,(anonymous_1)
FN:30,createFlakyAppointmentRepository
FN:36,(anonymous_3)
FNF:4
FNH:4
FNDA:120,createMockAppointmentRepository
FNDA:9,(anonymous_1)
FNDA:5,createFlakyAppointmentRepository
FNDA:8,(anonymous_3)
DA:19,120
DA:21,9
DA:34,5
DA:35,5
DA:37,8
DA:38,8
DA:39,3
LF:7
LH:7
BRDA:17,0,0,120
BRDA:31,1,0,0
BRDA:32,2,0,5
BRDA:38,3,0,5
BRDA:38,3,1,3
BRF:5
BRH:4
end_of_record
TN:
SF:src/data/contactRepository.ts
FN:16,createMockContactRepository
FN:18,(anonymous_1)
FN:28,createFlakyContactRepository
FN:34,(anonymous_3)
FNF:4
FNH:4
FNDA:123,createMockContactRepository
FNDA:74,(anonymous_1)
FNDA:5,createFlakyContactRepository
FNDA:8,(anonymous_3)
DA:17,123
DA:19,74
DA:32,5
DA:33,5
DA:35,8
DA:36,8
DA:37,3
LF:7
LH:7
BRDA:16,0,0,123
BRDA:29,1,0,0
BRDA:30,2,0,5
BRDA:36,3,0,5
BRDA:36,3,1,3
BRF:5
BRH:4
end_of_record
TN:
SF:src/data/dailyTasksRepository.ts
FN:10,createMockDailyTasksRepository
FN:72,(anonymous_1)
FN:73,(anonymous_2)
FN:74,(anonymous_3)
FN:76,(anonymous_4)
FN:77,(anonymous_5)
FNF:6
FNH:6
FNDA:119,createMockDailyTasksRepository
FNDA:121,(anonymous_1)
FNDA:2,(anonymous_2)
FNDA:14,(anonymous_3)
FNDA:119,(anonymous_4)
FNDA:2,(anonymous_5)
DA:11,119
DA:12,119
DA:71,119
DA:72,121
DA:74,14
DA:76,119
DA:78,2
LF:7
LH:7
BRDA:74,0,0,2
BRDA:74,0,1,12
BRF:2
BRH:2
end_of_record
TN:
SF:src/data/medicineRepository.ts
FN:17,createMockMedicineRepository
FN:20,(anonymous_1)
FN:23,(anonymous_2)
FN:24,(anonymous_3)
FN:25,(anonymous_4)
FNF:5
FNH:5
FNDA:125,createMockMedicineRepository
FNDA:373,(anonymous_1)
FNDA:128,(anonymous_2)
FNDA:6,(anonymous_3)
FNDA:16,(anonymous_4)
DA:20,373
DA:22,125
DA:23,128
DA:25,6
DA:26,16
LF:5
LH:5
BRDA:18,0,0,124
BRDA:26,1,0,6
BRDA:26,1,1,10
BRF:3
BRH:3
end_of_record
TN:
SF:src/data/memoryRepository.ts
FN:16,createMockMemoryRepository
FN:18,(anonymous_1)
FN:28,createFlakyMemoryRepository
FN:34,(anonymous_3)
FNF:4
FNH:4
FNDA:120,createMockMemoryRepository
FNDA:7,(anonymous_1)
FNDA:5,createFlakyMemoryRepository
FNDA:8,(anonymous_3)
DA:17,120
DA:19,7
DA:32,5
DA:33,5
DA:35,8
DA:36,8
DA:37,3
LF:7
LH:7
BRDA:16,0,0,120
BRDA:29,1,0,0
BRDA:30,2,0,5
BRDA:36,3,0,5
BRDA:36,3,1,3
BRF:5
BRH:4
end_of_record
TN:
SF:src/data/messageRepository.ts
FN:36,createMockMessageRepository
FN:45,(anonymous_1)
FN:68,(anonymous_2)
FN:71,(anonymous_3)
FN:73,(anonymous_4)
FN:76,(anonymous_5)
FNF:6
FNH:6
FNDA:137,createMockMessageRepository
FNDA:11,(anonymous_1)
FNDA:377,(anonymous_2)
FNDA:2882,(anonymous_3)
FNDA:6,(anonymous_4)
FNDA:5,(anonymous_5)
DA:39,137
DA:40,137
DA:41,137
DA:42,137
DA:43,137
DA:45,137
DA:51,11
DA:52,11
DA:63,11
DA:64,11
DA:67,137
DA:69,377
DA:70,377
DA:71,2882
DA:74,6
DA:77,5
LF:16
LH:16
BRDA:37,0,0,0
BRDA:39,1,0,137
BRDA:39,1,1,0
BRDA:40,2,0,137
BRDA:40,2,1,137
BRDA:41,3,0,137
BRDA:41,3,1,132
BRDA:70,4,0,17
BRDA:70,4,1,360
BRF:9
BRH:7
end_of_record
TN:
SF:src/data/mockAppointments.ts
FNF:0
FNH:0
DA:4,16
LF:1
LH:1
BRF:0
BRH:0
end_of_record
TN:
SF:src/data/mockContacts.ts
FNF:0
FNH:0
DA:11,16
LF:1
LH:1
BRF:0
BRH:0
end_of_record
TN:
SF:src/data/mockMedicines.ts
FNF:0
FNH:0
DA:4,16
LF:1
LH:1
BRF:0
BRH:0
end_of_record
TN:
SF:src/data/mockMemories.ts
FNF:0
FNH:0
DA:4,16
LF:1
LH:1
BRF:0
BRH:0
end_of_record
TN:
SF:src/data/mockMessages.ts
FN:12,buildMockMessages
FN:20,(anonymous_1)
FNF:2
FNH:2
FNDA:138,buildMockMessages
FNDA:1104,(anonymous_1)
DA:13,138
DA:14,138
DA:20,138
DA:21,1104
DA:23,138
LF:5
LH:5
BRF:0
BRH:0
end_of_record
TN:
SF:src/data/settingsRepository.ts
FN:25,createAsyncStorageSettingsRepository
FN:27,(anonymous_1)
FN:38,(anonymous_2)
FN:41,(anonymous_3)
FN:53,createInMemorySettingsRepository
FN:60,(anonymous_5)
FN:63,(anonymous_6)
FN:67,(anonymous_7)
FNF:8
FNH:8
FNDA:5,createAsyncStorageSettingsRepository
FNDA:5,(anonymous_1)
FNDA:2,(anonymous_2)
FNDA:1,(anonymous_3)
FNDA:126,createInMemorySettingsRepository
FNDA:128,(anonymous_5)
FNDA:16,(anonymous_6)
FNDA:1,(anonymous_7)
DA:16,16
DA:26,5
DA:28,5
DA:29,5
DA:30,5
DA:31,3
DA:32,2
DA:33,1
DA:35,1
DA:39,2
DA:42,1
DA:56,126
DA:57,126
DA:58,126
DA:61,128
DA:64,16
DA:65,16
DA:68,1
LF:18
LH:18
BRDA:30,0,0,2
BRDA:30,0,1,3
BRDA:32,1,0,1
BRDA:32,1,1,1
BRDA:32,2,0,2
BRDA:32,2,1,1
BRDA:54,3,0,12
BRF:7
BRH:7
end_of_record
TN:
SF:src/hooks/useResponsive.ts
FN:15,useResponsive
FNF:1
FNH:1
FNDA:623,useResponsive
DA:16,623
DA:17,623
LF:2
LH:2
BRF:0
BRH:0
end_of_record
TN:
SF:src/models/DailyTask.ts
FNF:0
FNH:0
LF:0
LH:0
BRF:0
BRH:0
end_of_record
TN:
SF:src/models/accessibilitySettings.ts
FN:10,captionSizeFrom
FN:28,captionColorFrom
FN:81,clampVolume
FN:86,clampBalance
FN:92,captionFontSize
FN:97,volumePercent
FN:102,balanceLabel
FN:115,meetsHearingConstraints
FN:120,conformanceMessage
FN:127,withSettings
FN:146,settingsFromStored
FN:147,(anonymous_11)
FN:149,(anonymous_12)
FN:165,settingsEqual
FNF:14
FNH:14
FNDA:10,captionSizeFrom
FNDA:10,captionColorFrom
FNDA:51,clampVolume
FNDA:51,clampBalance
FNDA:30,captionFontSize
FNDA:61,volumePercent
FNDA:60,balanceLabel
FNDA:61,meetsHearingConstraints
FNDA:30,conformanceMessage
FNDA:40,withSettings
FNDA:7,settingsFromStored
FNDA:21,(anonymous_11)
FNDA:14,(anonymous_12)
FNDA:21,settingsEqual
DA:4,17
DA:11,10
DA:23,17
DA:29,10
DA:66,17
DA:67,17
DA:70,17
DA:82,51
DA:83,50
DA:87,51
DA:88,50
DA:93,30
DA:98,61
DA:103,60
DA:104,60
DA:105,6
DA:116,61
DA:121,30
DA:131,40
DA:132,40
DA:147,7
DA:148,21
DA:149,7
DA:150,14
DA:152,7
DA:166,21
LF:26
LH:26
BRDA:11,0,0,3
BRDA:11,0,1,7
BRDA:11,1,0,10
BRDA:11,1,1,10
BRDA:11,1,2,9
BRDA:29,2,0,3
BRDA:29,2,1,7
BRDA:29,3,0,10
BRDA:29,3,1,10
BRDA:82,4,0,1
BRDA:82,4,1,50
BRDA:87,5,0,1
BRDA:87,5,1,50
BRDA:104,6,0,54
BRDA:104,6,1,6
BRDA:105,7,0,3
BRDA:105,7,1,3
BRDA:116,8,0,61
BRDA:116,8,1,61
BRDA:121,9,0,26
BRDA:121,9,1,4
BRDA:148,10,0,7
BRDA:148,10,1,14
BRDA:150,11,0,5
BRDA:150,11,1,9
BRDA:150,12,0,14
BRDA:150,12,1,5
BRDA:167,13,0,21
BRDA:167,13,1,21
BRDA:167,13,2,20
BRDA:167,13,3,17
BRDA:167,13,4,15
BRDA:167,13,5,12
BRDA:167,13,6,9
BRDA:167,13,7,7
BRF:35
BRH:35
end_of_record
TN:
SF:src/models/appointment.ts
FN:18,appointmentSemanticLabel
FNF:1
FNH:1
FNDA:17,appointmentSemanticLabel
DA:19,17
LF:1
LH:1
BRF:0
BRH:0
end_of_record
TN:
SF:src/models/contact.ts
FN:22,contactRoleFrom
FN:79,initialsFor
FN:83,(anonymous_2)
FN:90,primaryChannelOf
FN:95,supportsVideoRelay
FN:119,givenNameOf
FN:121,(anonymous_6)
FN:131,conversationNameOf
FN:141,contactSemanticLabel
FNF:9
FNH:9
FNDA:7,contactRoleFrom
FNDA:945,initialsFor
FNDA:11,(anonymous_2)
FNDA:1,primaryChannelOf
FNDA:7,supportsVideoRelay
FNDA:71,givenNameOf
FNDA:74,(anonymous_6)
FNDA:67,conversationNameOf
FNDA:878,contactSemanticLabel
DA:11,15
DA:23,7
DA:24,7
DA:36,15
DA:80,945
DA:81,945
DA:83,11
DA:84,5
DA:85,4
DA:86,3
DA:91,1
DA:96,7
DA:99,15
DA:120,71
DA:121,74
DA:122,67
DA:123,66
DA:124,60
DA:132,67
DA:142,878
DA:143,878
DA:144,878
DA:145,878
LF:23
LH:23
BRDA:24,0,0,4
BRDA:24,0,1,3
BRDA:81,1,0,940
BRDA:81,1,1,5
BRDA:84,2,0,1
BRDA:84,2,1,4
BRDA:85,3,0,1
BRDA:85,3,1,3
BRDA:120,4,0,4
BRDA:120,4,1,67
BRDA:122,5,0,1
BRDA:122,5,1,66
BRDA:123,6,0,6
BRDA:123,6,1,60
BRDA:123,7,0,66
BRDA:123,7,1,6
BRDA:132,8,0,67
BRDA:132,8,1,3
BRDA:143,9,0,176
BRDA:143,9,1,702
BRDA:144,10,0,176
BRDA:144,10,1,702
BRF:22
BRH:22
end_of_record
TN:
SF:src/models/medicine.ts
FN:16,medicineSemanticLabel
FNF:1
FNH:1
FNDA:29,medicineSemanticLabel
DA:17,29
LF:1
LH:1
BRDA:18,0,0,11
BRDA:18,0,1,18
BRF:2
BRH:2
end_of_record
TN:
SF:src/models/memory.ts
FN:11,memorySemanticLabel
FNF:1
FNH:1
FNDA:13,memorySemanticLabel
DA:12,13
LF:1
LH:1
BRF:0
BRH:0
end_of_record
TN:
SF:src/models/message.ts
FN:51,(anonymous_0)
FN:52,(anonymous_1)
FN:53,(anonymous_2)
FN:56,isTextAlternative
FN:66,alternativeHeading
FN:78,messageSemanticLabel
FN:97,latestOf
FN:108,previewOf
FN:127,waitingCount
FN:139,chronological
FN:140,(anonymous_10)
FN:144,startsNewDay
FNF:12
FNH:12
FNDA:1286,(anonymous_0)
FNDA:297,(anonymous_1)
FNDA:761,(anonymous_2)
FNDA:109,isTextAlternative
FNDA:527,alternativeHeading
FNDA:117,messageSemanticLabel
FNDA:883,latestOf
FNDA:881,previewOf
FNDA:857,waitingCount
FNDA:361,chronological
FNDA:295,(anonymous_10)
FNDA:116,startsNewDay
DA:21,17
DA:51,1286
DA:52,297
DA:53,761
DA:57,109
DA:58,109
DA:67,527
DA:69,11
DA:71,115
DA:73,401
DA:80,117
DA:86,117
DA:87,117
DA:88,117
DA:89,117
DA:90,117
DA:91,57
DA:93,117
DA:98,883
DA:109,881
DA:110,881
DA:111,393
DA:112,393
DA:113,393
DA:114,393
DA:128,857
DA:129,857
DA:130,554
DA:131,554
DA:132,182
DA:133,180
DA:135,857
DA:140,361
DA:145,116
DA:146,60
DA:147,60
DA:148,60
LF:37
LH:37
BRDA:53,0,0,761
BRDA:53,0,1,578
BRDA:58,1,0,109
BRDA:58,1,1,104
BRDA:67,2,0,11
BRDA:67,2,1,115
BRDA:67,2,2,401
BRDA:71,3,0,114
BRDA:71,3,1,1
BRDA:80,4,0,57
BRDA:80,4,1,60
BRDA:82,5,0,7
BRDA:82,5,1,53
BRDA:88,6,0,13
BRDA:88,6,1,104
BRDA:90,7,0,57
BRDA:90,7,1,60
BRDA:91,8,0,57
BRDA:91,8,1,0
BRDA:98,9,0,489
BRDA:98,9,1,394
BRDA:110,10,0,488
BRDA:110,10,1,393
BRDA:111,11,0,197
BRDA:111,11,1,196
BRDA:113,12,0,98
BRDA:113,12,1,295
BRDA:131,13,0,372
BRDA:131,13,1,182
BRDA:132,14,0,2
BRDA:132,14,1,180
BRDA:145,15,0,56
BRDA:145,15,1,60
BRDA:149,16,0,60
BRDA:149,16,1,60
BRDA:149,16,2,60
BRF:36
BRH:35
end_of_record
TN:
SF:src/models/vibrationPattern.ts
FN:47,patternDuration
FN:48,(anonymous_1)
FN:52,vibrateDurations
FN:53,(anonymous_3)
FN:57,patternSemanticLabel
FNF:5
FNH:5
FNDA:4,patternDuration
FNDA:32,(anonymous_1)
FNDA:4,vibrateDurations
FNDA:32,(anonymous_3)
FNDA:87,patternSemanticLabel
DA:22,16
DA:48,32
DA:53,32
DA:58,87
LF:4
LH:4
BRF:0
BRH:0
end_of_record
TN:
SF:src/navigation/RootNavigator.tsx
FN:31,AppointmentsRoute
FN:36,(anonymous_1)
FN:41,MedicinesRoute
FN:46,(anonymous_3)
FN:51,MemoriesRoute
FN:56,(anonymous_5)
FN:61,HomeRoute
FN:65,(anonymous_7)
FN:69,MyDayRoute
FN:73,(anonymous_9)
FN:77,ContactsRoute
FN:82,(anonymous_11)
FN:83,(anonymous_12)
FN:100,TabsNavigator
FN:113,(anonymous_14)
FN:117,(anonymous_15)
FN:131,WelcomeRoute
FN:135,(anonymous_17)
FN:136,(anonymous_18)
FN:141,SignInRoute
FN:145,(anonymous_20)
FN:146,(anonymous_21)
FN:151,SignUpRoute
FN:155,(anonymous_23)
FN:156,(anonymous_24)
FN:161,MessageThreadRoute
FN:168,(anonymous_26)
FN:169,(anonymous_27)
FN:174,SettingsRoute
FN:178,(anonymous_29)
FN:179,(anonymous_30)
FN:194,RootNavigator
FN:207,(anonymous_32)
FNF:33
FNH:21
FNDA:9,AppointmentsRoute
FNDA:1,(anonymous_1)
FNDA:7,MedicinesRoute
FNDA:0,(anonymous_3)
FNDA:7,MemoriesRoute
FNDA:0,(anonymous_5)
FNDA:3,HomeRoute
FNDA:0,(anonymous_7)
FNDA:1,MyDayRoute
FNDA:0,(anonymous_9)
FNDA:72,ContactsRoute
FNDA:29,(anonymous_11)
FNDA:18,(anonymous_12)
FNDA:93,TabsNavigator
FNDA:102,(anonymous_14)
FNDA:1,(anonymous_15)
FNDA:2,WelcomeRoute
FNDA:0,(anonymous_17)
FNDA:0,(anonymous_18)
FNDA:0,SignInRoute
FNDA:0,(anonymous_20)
FNDA:0,(anonymous_21)
FNDA:0,SignUpRoute
FNDA:0,(anonymous_23)
FNDA:0,(anonymous_24)
FNDA:29,MessageThreadRoute
FNDA:2,(anonymous_26)
FNDA:1,(anonymous_27)
FNDA:21,SettingsRoute
FNDA:1,(anonymous_29)
FNDA:1,(anonymous_30)
FNDA:94,RootNavigator
FNDA:155,(anonymous_32)
DA:26,14
DA:27,14
DA:32,9
DA:33,9
DA:34,9
DA:36,1
DA:42,7
DA:43,7
DA:44,7
DA:46,0
DA:52,7
DA:53,7
DA:54,7
DA:56,0
DA:62,3
DA:63,3
DA:64,3
DA:65,0
DA:70,1
DA:71,1
DA:72,1
DA:73,0
DA:78,72
DA:79,72
DA:80,72
DA:82,29
DA:83,18
DA:101,93
DA:102,93
DA:104,93
DA:114,102
DA:117,1
DA:132,2
DA:133,2
DA:135,0
DA:136,0
DA:142,0
DA:143,0
DA:145,0
DA:146,0
DA:152,0
DA:153,0
DA:155,0
DA:156,0
DA:162,29
DA:163,29
DA:165,29
DA:168,2
DA:169,1
DA:175,21
DA:176,21
DA:178,1
DA:179,1
DA:201,94
DA:207,155
LF:55
LH:41
BRDA:36,0,0,2
BRDA:36,0,1,7
BRDA:46,1,0,1
BRDA:46,1,1,6
BRDA:56,2,0,1
BRDA:56,2,1,6
BRDA:65,3,0,0
BRDA:65,3,1,3
BRDA:73,4,0,0
BRDA:73,4,1,1
BRDA:83,5,0,7
BRDA:83,5,1,65
BRDA:100,6,0,0
BRDA:111,7,0,9
BRDA:111,7,1,84
BRDA:168,8,0,2
BRDA:168,8,1,0
BRDA:178,9,0,1
BRDA:178,9,1,0
BRDA:195,10,0,0
BRDA:196,11,0,0
BRF:21
BRH:14
end_of_record
TN:
SF:src/navigation/TabBar.tsx
FN:36,TabBar
FN:44,(anonymous_1)
FN:45,(anonymous_2)
FN:49,(anonymous_3)
FN:56,(anonymous_4)
FN:63,(anonymous_5)
FN:80,(anonymous_6)
FN:84,(anonymous_7)
FN:108,SidebarItem
FNF:9
FNH:9
FNDA:102,TabBar
FNDA:612,(anonymous_1)
FNDA:2142,(anonymous_2)
FNDA:8,(anonymous_3)
FNDA:72,(anonymous_4)
FNDA:3,(anonymous_5)
FNDA:540,(anonymous_6)
FNDA:5,(anonymous_7)
FNDA:84,SidebarItem
DA:42,102
DA:44,102
DA:45,2142
DA:46,612
DA:49,102
DA:50,8
DA:53,102
DA:54,12
DA:57,72
DA:63,3
DA:77,90
DA:81,540
DA:84,5
DA:121,84
DA:145,14
LF:15
LH:15
BRDA:46,0,0,612
BRDA:46,0,1,0
BRDA:50,1,0,8
BRDA:50,1,1,0
BRDA:53,2,0,12
BRDA:53,2,1,90
BRDA:88,3,0,90
BRDA:88,3,1,450
BRDA:95,4,0,90
BRDA:95,4,1,450
BRDA:127,5,0,12
BRDA:127,5,1,72
BRDA:128,6,0,12
BRDA:128,6,1,72
BRDA:130,7,0,12
BRDA:130,7,1,72
BRDA:135,8,0,12
BRDA:135,8,1,72
BRDA:136,9,0,12
BRDA:136,9,1,72
BRF:20
BRH:18
end_of_record
TN:
SF:src/navigation/destinations.ts
FNF:0
FNH:0
DA:23,14
LF:1
LH:1
BRF:0
BRH:0
end_of_record
TN:
SF:src/navigation/routes.ts
FNF:0
FNH:0
LF:0
LH:0
BRF:0
BRH:0
end_of_record
TN:
SF:src/screens/AppointmentsScreen.tsx
FN:16,AppointmentsScreen
FN:20,(anonymous_1)
FN:24,(anonymous_2)
FN:56,(anonymous_3)
FNF:4
FNH:4
FNDA:26,AppointmentsScreen
FNDA:10,(anonymous_1)
FNDA:9,(anonymous_2)
FNDA:16,(anonymous_3)
DA:17,26
DA:18,26
DA:20,26
DA:21,10
DA:24,26
DA:25,9
DA:28,26
DA:57,16
DA:72,14
LF:9
LH:9
BRDA:37,0,0,7
BRDA:37,0,1,19
BRDA:41,1,0,2
BRDA:41,1,1,17
BRDA:48,2,0,9
BRDA:48,2,1,8
BRDA:59,3,0,4
BRDA:59,3,1,12
BRF:8
BRH:8
end_of_record
TN:
SF:src/screens/ContactsScreen.tsx
FN:26,ContactsScreen
FN:40,(anonymous_1)
FN:44,(anonymous_2)
FN:50,(anonymous_3)
FN:52,(anonymous_4)
FN:90,(anonymous_5)
FN:99,(anonymous_6)
FNF:7
FNH:7
FNDA:321,ContactsScreen
FNDA:73,(anonymous_1)
FNDA:72,(anonymous_2)
FNDA:145,(anonymous_3)
FNDA:355,(anonymous_4)
FNDA:875,(anonymous_5)
FNDA:29,(anonymous_6)
DA:33,321
DA:34,321
DA:35,321
DA:37,321
DA:38,321
DA:40,321
DA:41,73
DA:44,321
DA:45,72
DA:50,321
DA:51,145
DA:52,355
DA:55,321
DA:91,875
DA:99,29
DA:111,14
LF:16
LH:16
BRDA:51,0,0,74
BRDA:51,0,1,71
BRDA:71,1,0,72
BRDA:71,1,1,249
BRDA:75,2,0,2
BRDA:75,2,1,247
BRDA:82,3,0,72
BRDA:82,3,1,175
BRDA:93,4,0,80
BRDA:93,4,1,795
BRF:10
BRH:10
end_of_record
TN:
SF:src/screens/HomeScreen.tsx
FN:23,HomeScreen
FN:45,(anonymous_1)
FN:47,(anonymous_2)
FN:54,(anonymous_3)
FN:60,(anonymous_4)
FN:82,(anonymous_5)
FN:83,(anonymous_6)
FN:84,(anonymous_7)
FN:88,(anonymous_8)
FN:339,(anonymous_9)
FN:348,(anonymous_10)
FN:358,(anonymous_11)
FN:384,TaskCard
FN:412,CallButton
FN:443,ToggleButton
FNF:15
FNH:15
FNDA:34,HomeScreen
FNDA:13,(anonymous_1)
FNDA:13,(anonymous_2)
FNDA:13,(anonymous_3)
FNDA:28,(anonymous_4)
FNDA:7,(anonymous_5)
FNDA:3,(anonymous_6)
FNDA:3,(anonymous_7)
FNDA:1,(anonymous_8)
FNDA:1,(anonymous_9)
FNDA:1,(anonymous_10)
FNDA:2,(anonymous_11)
FNDA:68,TaskCard
FNDA:16,CallButton
FNDA:21,ToggleButton
DA:24,34
DA:25,34
DA:29,34
DA:31,34
DA:32,34
DA:33,34
DA:34,34
DA:35,34
DA:37,34
DA:43,34
DA:45,34
DA:46,13
DA:47,13
DA:48,13
DA:50,13
DA:54,13
DA:55,13
DA:56,13
DA:60,34
DA:61,28
DA:62,6
DA:77,22
DA:78,22
DA:82,34
DA:83,34
DA:84,34
DA:85,3
DA:86,3
DA:88,34
DA:90,34
DA:339,1
DA:348,1
DA:358,2
DA:395,68
DA:425,16
DA:465,21
DA:466,21
DA:484,14
LF:38
LH:38
BRDA:48,0,0,13
BRDA:48,0,1,0
BRDA:61,1,0,6
BRDA:61,1,1,22
BRDA:61,2,0,28
BRDA:61,2,1,8
BRDA:94,3,0,34
BRDA:94,3,1,33
BRDA:264,4,0,34
BRDA:264,4,1,33
BRDA:322,5,0,34
BRDA:322,5,1,0
BRDA:324,6,0,0
BRDA:324,6,1,0
BRDA:336,7,0,2
BRDA:336,7,1,32
BRDA:345,8,0,1
BRDA:345,8,1,33
BRDA:465,9,0,9
BRDA:465,9,1,12
BRDA:471,10,0,21
BRDA:471,10,1,0
BRF:22
BRH:17
end_of_record
TN:
SF:src/screens/MedicinesScreen.tsx
FN:11,MedicinesScreen
FN:30,(anonymous_1)
FN:34,(anonymous_2)
FNF:3
FNH:3
FNDA:9,MedicinesScreen
FNDA:27,(anonymous_1)
FNDA:2,(anonymous_2)
DA:12,9
DA:14,9
DA:31,27
DA:34,2
DA:43,14
LF:5
LH:5
BRF:0
BRH:0
end_of_record
TN:
SF:src/screens/MemoriesScreen.tsx
FN:16,MemoriesScreen
FN:20,(anonymous_1)
FN:24,(anonymous_2)
FN:56,(anonymous_3)
FNF:4
FNH:4
FNDA:21,MemoriesScreen
FNDA:8,(anonymous_1)
FNDA:7,(anonymous_2)
FNDA:12,(anonymous_3)
DA:17,21
DA:18,21
DA:20,21
DA:21,8
DA:24,21
DA:25,7
DA:28,21
DA:57,12
DA:69,14
LF:9
LH:9
BRDA:37,0,0,6
BRDA:37,0,1,15
BRDA:41,1,0,2
BRDA:41,1,1,13
BRDA:48,2,0,7
BRDA:48,2,1,6
BRDA:57,3,0,2
BRDA:57,3,1,10
BRF:8
BRH:8
end_of_record
TN:
SF:src/screens/MessageThreadScreen.tsx
FN:52,MessageThreadScreen
FN:78,(anonymous_1)
FN:84,(anonymous_2)
FN:85,(anonymous_3)
FN:95,(anonymous_4)
FN:96,(anonymous_5)
FN:100,(anonymous_6)
FN:107,(anonymous_7)
FN:109,(anonymous_8)
FN:136,(anonymous_9)
FN:162,(anonymous_10)
FN:185,(anonymous_11)
FN:218,(anonymous_12)
FN:235,(anonymous_13)
FN:253,(anonymous_14)
FN:257,(anonymous_15)
FNF:16
FNH:15
FNDA:63,MessageThreadScreen
FNDA:29,(anonymous_1)
FNDA:33,(anonymous_2)
FNDA:33,(anonymous_3)
FNDA:3,(anonymous_4)
FNDA:3,(anonymous_5)
FNDA:1,(anonymous_6)
FNDA:2,(anonymous_7)
FNDA:2,(anonymous_8)
FNDA:113,(anonymous_9)
FNDA:1,(anonymous_10)
FNDA:0,(anonymous_11)
FNDA:1,(anonymous_12)
FNDA:113,(anonymous_13)
FNDA:2,(anonymous_14)
FNDA:1,(anonymous_15)
DA:38,14
DA:64,63
DA:65,63
DA:66,63
DA:67,63
DA:69,63
DA:71,63
DA:72,63
DA:74,63
DA:75,63
DA:76,63
DA:78,63
DA:81,29
DA:84,63
DA:85,33
DA:88,33
DA:92,63
DA:93,63
DA:95,63
DA:96,3
DA:99,63
DA:101,1
DA:102,1
DA:107,63
DA:108,2
DA:109,2
DA:110,2
DA:111,2
DA:112,2
DA:115,63
DA:116,0
DA:135,63
DA:136,113
DA:138,63
DA:162,1
DA:185,0
DA:218,1
DA:236,113
DA:253,2
DA:257,1
DA:267,14
LF:41
LH:39
BRDA:81,0,0,0
BRDA:81,0,1,29
BRDA:108,1,0,0
BRDA:108,1,1,2
BRDA:115,2,0,0
BRDA:115,2,1,63
BRDA:120,3,0,0
BRDA:120,3,1,0
BRDA:148,4,0,63
BRDA:148,4,1,0
BRDA:156,5,0,3
BRDA:156,5,1,60
BRDA:156,6,0,63
BRDA:156,6,1,5
BRDA:178,7,0,1
BRDA:178,7,1,62
BRDA:190,8,0,4
BRDA:190,8,1,59
BRDA:190,9,0,63
BRDA:190,9,1,8
BRDA:203,10,0,0
BRDA:203,10,1,63
BRDA:207,11,0,6
BRDA:207,11,1,57
BRDA:207,12,0,63
BRDA:207,12,1,6
BRDA:224,13,0,2
BRDA:224,13,1,55
BRF:28
BRH:21
end_of_record
TN:
SF:src/screens/MyDayScreen.tsx
FN:13,MyDayScreen
FN:66,(anonymous_1)
FN:67,(anonymous_2)
FN:77,TaskCard
FN:87,(anonymous_4)
FNF:5
FNH:5
FNDA:7,MyDayScreen
FNDA:49,(anonymous_1)
FNDA:2,(anonymous_2)
FNDA:49,TaskCard
FNDA:49,(anonymous_4)
DA:22,7
DA:24,7
DA:67,49
DA:78,49
DA:79,49
DA:87,49
DA:112,14
LF:7
LH:7
BRDA:32,0,0,7
BRDA:32,0,1,6
BRDA:78,1,0,1
BRDA:78,1,1,48
BRDA:89,2,0,49
BRDA:89,2,1,1
BRDA:90,3,0,1
BRDA:90,3,1,48
BRDA:90,4,0,0
BRDA:90,4,1,48
BRDA:97,5,0,49
BRDA:97,5,1,1
BRDA:103,6,0,49
BRDA:103,6,1,1
BRDA:106,7,0,49
BRDA:106,7,1,1
BRF:16
BRH:15
end_of_record
TN:
SF:src/screens/SettingsScreen.tsx
FN:41,SettingsScreen
FN:87,(anonymous_1)
FN:97,(anonymous_2)
FN:111,(anonymous_3)
FN:126,(anonymous_4)
FN:127,(anonymous_5)
FN:143,(anonymous_6)
FN:144,(anonymous_7)
FN:196,(anonymous_8)
FN:211,(anonymous_9)
FN:226,(anonymous_10)
FN:237,(anonymous_11)
FN:242,(anonymous_12)
FN:259,(anonymous_13)
FN:268,(anonymous_14)
FNF:15
FNH:11
FNDA:28,SettingsScreen
FNDA:0,(anonymous_1)
FNDA:0,(anonymous_2)
FNDA:2,(anonymous_3)
FNDA:1,(anonymous_4)
FNDA:84,(anonymous_5)
FNDA:1,(anonymous_6)
FNDA:56,(anonymous_7)
FNDA:1,(anonymous_8)
FNDA:1,(anonymous_9)
FNDA:1,(anonymous_10)
FNDA:84,(anonymous_11)
FNDA:1,(anonymous_12)
FNDA:0,(anonymous_13)
FNDA:0,(anonymous_14)
DA:48,28
DA:49,28
DA:51,28
DA:52,28
DA:54,28
DA:87,0
DA:97,0
DA:111,2
DA:126,1
DA:127,84
DA:143,1
DA:144,56
DA:196,1
DA:211,1
DA:226,1
DA:238,84
DA:242,1
DA:259,0
DA:268,0
DA:280,14
LF:20
LH:16
BRDA:69,0,0,25
BRDA:69,0,1,3
BRDA:70,1,0,25
BRDA:70,1,1,3
BRDA:71,2,0,25
BRDA:71,2,1,3
BRDA:118,3,0,25
BRDA:118,3,1,3
BRDA:155,4,0,25
BRDA:155,4,1,3
BRDA:166,5,0,25
BRDA:166,5,1,3
BRDA:172,6,0,25
BRDA:172,6,1,3
BRDA:232,7,0,27
BRDA:232,7,1,1
BRDA:259,8,0,28
BRDA:259,8,1,0
BRDA:261,9,0,0
BRDA:261,9,1,28
BRF:20
BRH:18
end_of_record
TN:
SF:src/screens/SignInScreen.tsx
FN:17,SignInScreen
FNF:1
FNH:1
FNDA:5,SignInScreen
DA:24,5
DA:105,14
LF:2
LH:2
BRF:0
BRH:0
end_of_record
TN:
SF:src/screens/SignUpScreen.tsx
FN:17,SignUpScreen
FNF:1
FNH:1
FNDA:4,SignUpScreen
DA:24,4
DA:118,14
LF:2
LH:2
BRF:0
BRH:0
end_of_record
TN:
SF:src/screens/WelcomeScreen.tsx
FN:11,WelcomeScreen
FN:89,FeatureItem
FNF:2
FNH:2
FNDA:5,WelcomeScreen
FNDA:15,FeatureItem
DA:18,5
DA:98,15
DA:109,14
LF:3
LH:3
BRF:0
BRH:0
end_of_record
TN:
SF:src/screens/appointments/AppointmentCard.tsx
FN:10,AppointmentCard
FNF:1
FNH:1
FNDA:16,AppointmentCard
DA:11,16
DA:33,14
LF:2
LH:2
BRF:0
BRH:0
end_of_record
TN:
SF:src/screens/contacts/ContactCard.tsx
FN:22,ContactCard
FN:46,(anonymous_1)
FNF:2
FNH:2
FNDA:875,ContactCard
FNDA:875,(anonymous_1)
DA:33,875
DA:34,875
DA:35,170
DA:37,875
DA:39,875
DA:46,875
DA:94,14
LF:7
LH:7
BRDA:34,0,0,170
BRDA:34,0,1,705
BRDA:35,1,0,170
BRDA:35,1,1,0
BRDA:48,2,0,175
BRDA:48,2,1,700
BRDA:49,3,0,0
BRDA:49,3,1,875
BRDA:55,4,0,175
BRDA:55,4,1,700
BRDA:66,5,0,175
BRDA:66,5,1,700
BRDA:76,6,0,170
BRDA:76,6,1,705
BRF:14
BRH:12
end_of_record
TN:
SF:src/screens/medicines/MedicineCard.tsx
FN:16,MedicineCard
FNF:1
FNH:1
FNDA:27,MedicineCard
DA:23,27
DA:52,14
LF:2
LH:2
BRDA:32,0,0,27
BRDA:32,0,1,10
BRDA:33,1,0,10
BRDA:33,1,1,17
BRDA:40,2,0,27
BRDA:40,2,1,10
BRDA:45,3,0,27
BRDA:45,3,1,10
BRDA:46,4,0,10
BRDA:46,4,1,17
BRF:10
BRH:10
end_of_record
TN:
SF:src/screens/memories/MemoryCard.tsx
FN:10,MemoryCard
FNF:1
FNH:1
FNDA:12,MemoryCard
DA:11,12
DA:28,14
LF:2
LH:2
BRF:0
BRH:0
end_of_record
TN:
SF:src/screens/messaging/MessageBubble.tsx
FN:38,MessageBubble
FN:79,Bubble
FN:108,MediaHeader
FN:122,SystemAlert
FNF:4
FNH:4
FNDA:113,MessageBubble
FNDA:107,Bubble
FNDA:12,MediaHeader
FNDA:6,SystemAlert
DA:20,14
DA:49,113
DA:80,107
DA:81,107
DA:82,107
DA:84,107
DA:109,12
DA:110,12
DA:111,12
DA:113,12
DA:123,6
DA:136,14
LF:12
LH:12
BRDA:51,0,0,102
BRDA:51,0,1,11
BRDA:66,1,0,56
BRDA:66,1,1,57
BRDA:69,2,0,6
BRDA:69,2,1,107
BRDA:81,3,0,56
BRDA:81,3,1,51
BRDA:82,4,0,56
BRDA:82,4,1,51
BRDA:85,5,0,56
BRDA:85,5,1,51
BRDA:86,6,0,56
BRDA:86,6,1,51
BRDA:88,7,0,12
BRDA:88,7,1,95
BRDA:94,8,0,56
BRDA:94,8,1,51
BRDA:96,9,0,56
BRDA:96,9,1,0
BRDA:98,10,0,56
BRDA:98,10,1,0
BRDA:109,11,0,12
BRDA:109,11,1,0
BRDA:110,12,0,4
BRDA:110,12,1,8
BRDA:111,13,0,12
BRDA:111,13,1,0
BRF:28
BRH:24
end_of_record
TN:
SF:src/screens/messaging/MessageComposer.tsx
FN:17,MessageComposer
FN:31,(anonymous_1)
FNF:2
FNH:2
FNDA:68,MessageComposer
FNDA:3,(anonymous_1)
DA:24,68
DA:27,68
DA:29,68
DA:31,68
DA:32,3
DA:33,2
DA:34,2
DA:36,1
DA:37,1
DA:38,1
DA:41,68
DA:75,14
LF:12
LH:12
BRDA:29,0,0,2
BRDA:29,0,1,66
BRDA:32,1,0,2
BRDA:32,1,1,1
BRDA:60,2,0,2
BRDA:60,2,1,66
BRDA:66,3,0,2
BRDA:66,3,1,66
BRF:8
BRH:8
end_of_record
TN:
SF:src/screens/messaging/NotifyButton.tsx
FN:15,NotifyButton
FN:34,(anonymous_1)
FNF:2
FNH:2
FNDA:63,NotifyButton
FNDA:63,(anonymous_1)
DA:24,63
DA:28,63
DA:34,63
DA:45,14
LF:4
LH:4
BRDA:24,0,0,58
BRDA:24,0,1,5
BRDA:34,1,0,0
BRDA:34,1,1,63
BRF:4
BRH:3
end_of_record
TN:
SF:src/screens/messaging/VisualFlash.tsx
FN:20,VisualFlash
FN:31,(anonymous_1)
FN:34,(anonymous_2)
FNF:3
FNH:3
FNDA:63,VisualFlash
FNDA:29,(anonymous_1)
FNDA:31,(anonymous_2)
DA:31,63
DA:32,63
DA:34,63
DA:35,31
DA:36,2
DA:37,2
DA:38,2
DA:44,63
DA:46,2
DA:56,14
LF:10
LH:10
BRDA:35,0,0,29
BRDA:35,0,1,2
BRDA:44,1,0,61
BRDA:44,1,1,2
BRF:4
BRH:4
end_of_record
TN:
SF:src/screens/settings/SegmentedChoice.tsx
FN:19,SegmentedChoice
FN:34,(anonymous_1)
FN:40,(anonymous_2)
FNF:3
FNH:3
FNDA:56,SegmentedChoice
FNDA:140,(anonymous_1)
FNDA:2,(anonymous_2)
DA:32,56
DA:35,140
DA:36,140
DA:40,2
DA:61,14
LF:5
LH:5
BRDA:23,0,0,0
BRDA:47,1,0,56
BRDA:47,1,1,84
BRDA:48,2,0,15
BRDA:48,2,1,125
BRDA:51,3,0,56
BRDA:51,3,1,84
BRF:7
BRH:6
end_of_record
TN:
SF:src/screens/settings/SettingsSection.tsx
FN:15,SettingsSection
FNF:1
FNH:1
FNDA:140,SettingsSection
DA:26,140
DA:40,14
LF:2
LH:2
BRF:0
BRH:0
end_of_record
TN:
SF:src/screens/settings/SettingsSliderRow.tsx
FN:14,SettingsSliderRow
FNF:1
FNH:1
FNDA:56,SettingsSliderRow
DA:42,56
DA:79,14
LF:2
LH:2
BRDA:63,0,0,56
BRDA:63,0,1,0
BRDA:63,1,0,56
BRDA:63,1,1,0
BRDA:69,2,0,56
BRDA:69,2,1,0
BRDA:70,3,0,56
BRDA:70,3,1,0
BRF:8
BRH:4
end_of_record
TN:
SF:src/screens/settings/SettingsSwitchRow.tsx
FN:14,SettingsSwitchRow
FNF:1
FNH:1
FNDA:112,SettingsSwitchRow
DA:32,112
DA:58,14
LF:2
LH:2
BRDA:19,0,0,84
BRDA:37,1,0,108
BRDA:37,1,1,4
BRDA:40,2,0,28
BRDA:40,2,1,84
BRDA:40,3,0,112
BRDA:40,3,1,28
BRDA:51,4,0,28
BRDA:51,4,1,84
BRDA:51,5,0,112
BRDA:51,5,1,28
BRF:11
BRH:11
end_of_record
TN:
SF:src/screens/settings/VibrationPatternRow.tsx
FN:20,VibrationPatternRow
FNF:1
FNH:1
FNDA:84,VibrationPatternRow
DA:30,84
DA:58,14
LF:2
LH:2
BRDA:38,0,0,81
BRDA:38,0,1,3
BRDA:52,1,0,81
BRDA:52,1,1,3
BRF:4
BRH:4
end_of_record
TN:
SF:src/state/AppointmentsProvider.tsx
FN:23,AppointmentsProvider
FN:34,(anonymous_1)
FN:49,(anonymous_2)
FN:56,useAppointments
FNF:4
FNH:4
FNDA:144,AppointmentsProvider
FNDA:14,(anonymous_1)
FNDA:144,(anonymous_2)
FNDA:36,useAppointments
DA:21,15
DA:30,144
DA:31,144
DA:32,144
DA:34,144
DA:35,14
DA:36,14
DA:37,14
DA:38,14
DA:39,10
DA:41,4
DA:42,4
DA:44,14
DA:48,144
DA:49,144
DA:53,144
DA:57,36
DA:58,36
DA:59,34
LF:19
LH:19
BRDA:42,0,0,4
BRDA:42,0,1,0
BRDA:58,1,0,2
BRDA:58,1,1,34
BRF:4
BRH:3
end_of_record
TN:
SF:src/state/ContactsProvider.tsx
FN:18,ContactsProvider
FN:33,(anonymous_1)
FN:50,(anonymous_2)
FN:50,(anonymous_3)
FN:55,(anonymous_4)
FN:62,useContacts
FNF:6
FNH:6
FNDA:277,ContactsProvider
FNDA:79,(anonymous_1)
FNDA:66,(anonymous_2)
FNDA:110,(anonymous_3)
FNDA:277,(anonymous_4)
FNDA:399,useContacts
DA:16,15
DA:25,277
DA:26,277
DA:27,277
DA:31,277
DA:33,277
DA:34,79
DA:35,79
DA:36,79
DA:37,79
DA:38,75
DA:39,75
DA:41,4
DA:42,4
DA:43,4
DA:45,79
DA:49,277
DA:50,110
DA:54,277
DA:55,277
DA:59,277
DA:63,399
DA:64,399
DA:65,397
LF:24
LH:24
BRDA:43,0,0,4
BRDA:43,0,1,0
BRDA:64,1,0,2
BRDA:64,1,1,397
BRF:4
BRH:3
end_of_record
TN:
SF:src/state/DailyTasksProvider.tsx
FN:17,DailyTasksProvider
FN:24,(anonymous_1)
FN:25,(anonymous_2)
FN:27,(anonymous_3)
FN:27,(anonymous_4)
FN:32,(anonymous_5)
FN:33,(anonymous_6)
FN:43,(anonymous_7)
FN:49,(anonymous_8)
FN:64,useDailyTasks
FNF:10
FNH:10
FNDA:123,DailyTasksProvider
FNDA:119,(anonymous_1)
FNDA:119,(anonymous_2)
FNDA:121,(anonymous_3)
FNDA:847,(anonymous_4)
FNDA:2,(anonymous_5)
FNDA:2,(anonymous_6)
FNDA:2,(anonymous_7)
FNDA:123,(anonymous_8)
FNDA:41,useDailyTasks
DA:15,14
DA:24,123
DA:25,123
DA:27,847
DA:28,123
DA:29,123
DA:31,123
DA:33,2
DA:34,2
DA:35,2
DA:36,2
DA:37,2
DA:43,123
DA:44,2
DA:45,2
DA:48,123
DA:49,123
DA:61,123
DA:65,41
DA:66,41
DA:67,0
DA:69,41
LF:22
LH:21
BRDA:29,0,0,0
BRDA:29,0,1,123
BRDA:34,1,0,2
BRDA:34,1,1,0
BRDA:66,2,0,0
BRDA:66,2,1,41
BRF:6
BRH:3
end_of_record
TN:
SF:src/state/MedicinesProvider.tsx
FN:22,MedicinesProvider
FN:29,(anonymous_1)
FN:31,(anonymous_2)
FN:31,(anonymous_3)
FN:35,(anonymous_4)
FN:36,(anonymous_5)
FN:46,(anonymous_6)
FN:53,useMedicines
FNF:8
FNH:8
FNDA:126,MedicinesProvider
FNDA:122,(anonymous_1)
FNDA:126,(anonymous_2)
FNDA:378,(anonymous_3)
FNDA:5,(anonymous_4)
FNDA:11,(anonymous_5)
FNDA:126,(anonymous_6)
FNDA:16,useMedicines
DA:20,15
DA:29,126
DA:31,378
DA:32,126
DA:34,126
DA:36,11
DA:37,5
DA:38,4
DA:39,4
DA:45,126
DA:46,126
DA:50,126
DA:54,16
DA:55,16
DA:56,14
LF:15
LH:15
BRDA:37,0,0,4
BRDA:37,0,1,1
BRDA:55,1,0,2
BRDA:55,1,1,14
BRF:4
BRH:4
end_of_record
TN:
SF:src/state/MemoriesProvider.tsx
FN:23,MemoriesProvider
FN:34,(anonymous_1)
FN:49,(anonymous_2)
FN:56,useMemories
FNF:4
FNH:4
FNDA:141,MemoriesProvider
FNDA:12,(anonymous_1)
FNDA:141,(anonymous_2)
FNDA:31,useMemories
DA:21,15
DA:30,141
DA:31,141
DA:32,141
DA:34,141
DA:35,12
DA:36,12
DA:37,12
DA:38,12
DA:39,8
DA:41,4
DA:42,4
DA:44,12
DA:48,141
DA:49,141
DA:53,141
DA:57,31
DA:58,31
DA:59,29
LF:19
LH:19
BRDA:42,0,0,4
BRDA:42,0,1,0
BRDA:58,1,0,2
BRDA:58,1,1,29
BRF:4
BRH:3
end_of_record
TN:
SF:src/state/MessagesProvider.tsx
FN:25,MessagesProvider
FN:38,(anonymous_1)
FN:43,(anonymous_2)
FN:48,(anonymous_3)
FN:53,(anonymous_4)
FN:59,(anonymous_5)
FN:61,(anonymous_6)
FN:65,(anonymous_7)
FN:67,(anonymous_8)
FN:70,(anonymous_9)
FN:77,(anonymous_10)
FN:88,(anonymous_11)
FN:97,(anonymous_12)
FN:98,(anonymous_13)
FN:103,(anonymous_14)
FN:104,(anonymous_15)
FN:111,(anonymous_16)
FN:123,(anonymous_17)
FN:140,(anonymous_18)
FN:169,useMessages
FNF:20
FNH:20
FNDA:253,MessagesProvider
FNDA:75,(anonymous_1)
FNDA:64,(anonymous_2)
FNDA:877,(anonymous_3)
FNDA:881,(anonymous_4)
FNDA:46,(anonymous_5)
FNDA:12,(anonymous_6)
FNDA:11,(anonymous_7)
FNDA:1,(anonymous_8)
FNDA:12,(anonymous_9)
FNDA:73,(anonymous_10)
FNDA:73,(anonymous_11)
FNDA:34,(anonymous_12)
FNDA:34,(anonymous_13)
FNDA:9,(anonymous_14)
FNDA:9,(anonymous_15)
FNDA:6,(anonymous_16)
FNDA:4,(anonymous_17)
FNDA:251,(anonymous_18)
FNDA:412,useMessages
DA:23,15
DA:32,253
DA:33,253
DA:34,253
DA:35,253
DA:37,253
DA:38,75
DA:42,253
DA:43,64
DA:47,253
DA:48,877
DA:52,253
DA:54,881
DA:58,253
DA:60,46
DA:61,12
DA:62,12
DA:63,12
DA:64,12
DA:65,11
DA:67,1
DA:68,1
DA:70,12
DA:76,253
DA:78,73
DA:79,73
DA:80,73
DA:81,361
DA:82,361
DA:84,15
DA:85,15
DA:88,73
DA:89,73
DA:97,253
DA:98,34
DA:99,34
DA:103,253
DA:104,9
DA:110,253
DA:114,6
DA:115,5
DA:116,5
DA:117,5
DA:122,253
DA:128,4
DA:133,4
DA:134,4
DA:139,253
DA:140,251
DA:166,253
DA:170,412
DA:171,412
DA:172,412
LF:53
LH:53
BRDA:38,0,0,75
BRDA:38,0,1,1
BRDA:48,1,0,877
BRDA:48,1,1,356
BRDA:54,2,0,34
BRDA:54,2,1,847
BRDA:54,3,0,847
BRDA:54,3,1,355
BRDA:59,4,0,44
BRDA:60,5,0,34
BRDA:60,5,1,12
BRDA:60,6,0,46
BRDA:60,6,1,44
BRDA:68,7,0,1
BRDA:68,7,1,0
BRDA:85,8,0,15
BRDA:85,8,1,0
BRDA:99,9,0,4
BRDA:99,9,1,30
BRDA:106,10,0,9
BRDA:106,10,1,1
BRDA:114,11,0,1
BRDA:114,11,1,5
BRDA:171,12,0,0
BRDA:171,12,1,412
BRF:25
BRH:22
end_of_record
TN:
SF:src/state/SettingsProvider.tsx
FN:34,SettingsProvider
FN:50,(anonymous_1)
FN:55,(anonymous_2)
FN:67,(anonymous_3)
FN:77,(anonymous_4)
FN:84,useSettings
FNF:6
FNH:6
FNDA:375,SettingsProvider
FNDA:136,(anonymous_1)
FNDA:121,(anonymous_2)
FNDA:18,(anonymous_3)
FNDA:374,(anonymous_4)
FNDA:467,useSettings
DA:32,15
DA:41,375
DA:42,375
DA:48,375
DA:50,375
DA:51,136
DA:52,136
DA:55,375
DA:56,121
DA:57,121
DA:58,121
DA:60,1
DA:62,121
DA:66,375
DA:68,18
DA:69,18
DA:70,15
DA:71,15
DA:76,375
DA:77,374
DA:81,375
DA:85,467
DA:86,467
DA:87,465
LF:24
LH:24
BRDA:69,0,0,3
BRDA:69,0,1,15
BRDA:86,1,0,2
BRDA:86,1,1,465
BRF:4
BRH:4
end_of_record
TN:
SF:src/theme/colors.ts
FNF:0
FNH:0
DA:10,14
LF:1
LH:1
BRF:0
BRH:0
end_of_record
TN:
SF:src/theme/layout.ts
FNF:0
FNH:0
DA:4,14
LF:1
LH:1
BRF:0
BRH:0
end_of_record
TN:
SF:src/theme/typography.ts
FNF:0
FNH:0
DA:12,14
LF:1
LH:1
BRF:0
BRH:0
end_of_record
TN:
SF:src/utils/formatters.ts
FN:13,clock
FN:29,dayLabel
FNF:2
FNH:2
FNDA:118,clock
FNDA:108,dayLabel
DA:1,15
DA:2,15
DA:14,118
DA:15,118
DA:16,118
DA:17,118
DA:18,118
DA:19,118
DA:30,108
DA:31,108
DA:33,108
DA:34,108
DA:35,108
DA:37,108
DA:38,55
DA:39,6
LF:16
LH:16
BRDA:16,0,0,2
BRDA:16,0,1,116
BRDA:18,1,0,61
BRDA:18,1,1,57
BRDA:29,2,0,103
BRDA:37,3,0,53
BRDA:37,3,1,55
BRDA:38,4,0,49
BRDA:38,4,1,6
BRF:9
BRH:9
end_of_record
TN:
SF:src/utils/haptics.ts
FN:5,(anonymous_0)
FN:5,(anonymous_1)
FN:19,playPattern
FN:32,notifyBuzz
FNF:4
FNH:4
FNDA:4,(anonymous_0)
FNDA:4,(anonymous_1)
FNDA:3,playPattern
FNDA:4,notifyBuzz
DA:5,15
DA:23,3
DA:24,2
DA:25,5
DA:26,5
DA:27,5
DA:33,4
DA:34,2
LF:8
LH:8
BRDA:21,0,0,0
BRDA:23,1,0,1
BRDA:23,1,1,2
BRDA:26,2,0,4
BRDA:26,2,1,1
BRDA:27,3,0,4
BRDA:27,3,1,1
BRDA:32,4,0,0
BRDA:33,5,0,2
BRDA:33,5,1,2
BRF:10
BRH:8
end_of_record
TN:
SF:src/utils/validators.ts
FN:11,validateMessage
FN:21,canSend
FN:26,charactersRemaining
FNF:3
FNH:3
FNDA:84,validateMessage
FNDA:76,canSend
FNDA:72,charactersRemaining
DA:2,15
DA:12,84
DA:13,84
DA:14,8
DA:15,1
DA:17,7
DA:22,76
DA:27,72
DA:28,72
LF:9
LH:9
BRDA:12,0,0,84
BRDA:12,0,1,2
BRDA:13,1,0,76
BRDA:13,1,1,8
BRDA:14,2,0,1
BRDA:14,2,1,7
BRDA:27,3,0,72
BRDA:27,3,1,1
BRF:8
BRH:8
end_of_record
