{"/Users/victorlee/Documents/GitHub/careconnect-swen661/src/pages/Appointments.tsx": {"path":"/Users/victorlee/Documents/GitHub/careconnect-swen661/src/pages/Appointments.tsx","statementMap":{"0":{"start":{"line":265,"column":0},"end":{"line":265,"column":24}},"1":{"start":{"line":1,"column":0},"end":{"line":1,"column":42}},"2":{"start":{"line":2,"column":0},"end":{"line":2,"column":null}},"3":{"start":{"line":15,"column":0},"end":{"line":15,"column":45}},"4":{"start":{"line":16,"column":0},"end":{"line":16,"column":52}},"5":{"start":{"line":22,"column":17},"end":{"line":22,"column":44}},"6":{"start":{"line":23,"column":17},"end":{"line":23,"column":38}},"7":{"start":{"line":24,"column":2},"end":{"line":24,"column":67}},"8":{"start":{"line":30,"column":12},"end":{"line":30,"column":43}},"9":{"start":{"line":31,"column":2},"end":{"line":35,"column":5}},"10":{"start":{"line":40,"column":2},"end":{"line":40,"column":55}},"11":{"start":{"line":45,"column":2},"end":{"line":45,"column":30}},"12":{"start":{"line":50,"column":14},"end":{"line":50,"column":49}},"13":{"start":{"line":51,"column":14},"end":{"line":51,"column":49}},"14":{"start":{"line":52,"column":2},"end":{"line":52,"column":46}},"15":{"start":{"line":57,"column":2},"end":{"line":57,"column":57}},"16":{"start":{"line":57,"column":25},"end":{"line":57,"column":57}},"17":{"start":{"line":58,"column":2},"end":{"line":58,"column":34}},"18":{"start":{"line":63,"column":67},"end":{"line":68,"column":2}},"19":{"start":{"line":70,"column":69},"end":{"line":75,"column":2}},"20":{"start":{"line":90,"column":2},"end":{"line":113,"column":4}},"21":{"start":{"line":129,"column":18},"end":{"line":129,"column":51}},"22":{"start":{"line":131,"column":4},"end":{"line":133,"column":25}},"23":{"start":{"line":135,"column":24},"end":{"line":139,"column":10}},"24":{"start":{"line":141,"column":2},"end":{"line":260,"column":4}},"25":{"start":{"line":223,"column":29},"end":{"line":223,"column":88}},"26":{"start":{"line":248,"column":31},"end":{"line":248,"column":52}},"27":{"start":{"line":266,"column":23},"end":{"line":266,"column":59}},"28":{"start":{"line":266,"column":37},"end":{"line":266,"column":54}},"29":{"start":{"line":268,"column":34},"end":{"line":269,"column":null}},"30":{"start":{"line":269,"column":10},"end":{"line":269,"column":75}},"31":{"start":{"line":269,"column":45},"end":{"line":269,"column":56}},"32":{"start":{"line":269,"column":69},"end":{"line":269,"column":73}},"33":{"start":{"line":273,"column":4},"end":{"line":273,"column":50}},"34":{"start":{"line":273,"column":26},"end":{"line":273,"column":48}},"35":{"start":{"line":276,"column":16},"end":{"line":276,"column":54}},"36":{"start":{"line":279,"column":55},"end":{"line":291,"column":27}},"37":{"start":{"line":280,"column":19},"end":{"line":280,"column":75}},"38":{"start":{"line":280,"column":46},"end":{"line":280,"column":74}},"39":{"start":{"line":281,"column":19},"end":{"line":281,"column":47}},"40":{"start":{"line":283,"column":4},"end":{"line":290,"column":6}},"41":{"start":{"line":284,"column":42},"end":{"line":284,"column":71}},"42":{"start":{"line":286,"column":18},"end":{"line":286,"column":41}},"43":{"start":{"line":287,"column":8},"end":{"line":287,"column":32}},"44":{"start":{"line":289,"column":42},"end":{"line":289,"column":70}},"45":{"start":{"line":293,"column":17},"end":{"line":293,"column":84}},"46":{"start":{"line":294,"column":21},"end":{"line":294,"column":42}},"47":{"start":{"line":296,"column":2},"end":{"line":399,"column":4}},"48":{"start":{"line":320,"column":14},"end":{"line":320,"column":null}},"49":{"start":{"line":339,"column":14},"end":{"line":339,"column":null}},"50":{"start":{"line":358,"column":14},"end":{"line":358,"column":null}}},"fnMap":{"0":{"name":"fmt12","decl":{"start":{"line":21,"column":9},"end":{"line":21,"column":14}},"loc":{"start":{"line":21,"column":27},"end":{"line":25,"column":1}}},"1":{"name":"formatFullDate","decl":{"start":{"line":28,"column":9},"end":{"line":28,"column":23}},"loc":{"start":{"line":28,"column":39},"end":{"line":36,"column":1}}},"2":{"name":"formatDateTime","decl":{"start":{"line":39,"column":9},"end":{"line":39,"column":23}},"loc":{"start":{"line":39,"column":53},"end":{"line":41,"column":1}}},"3":{"name":"isoDateTime","decl":{"start":{"line":44,"column":9},"end":{"line":44,"column":20}},"loc":{"start":{"line":44,"column":50},"end":{"line":46,"column":1}}},"4":{"name":"diffDays","decl":{"start":{"line":49,"column":9},"end":{"line":49,"column":17}},"loc":{"start":{"line":49,"column":38},"end":{"line":53,"column":1}}},"5":{"name":"chronoSort","decl":{"start":{"line":56,"column":9},"end":{"line":56,"column":19}},"loc":{"start":{"line":56,"column":50},"end":{"line":59,"column":1}}},"6":{"name":"GroupDivider","decl":{"start":{"line":79,"column":9},"end":{"line":79,"column":21}},"loc":{"start":{"line":89,"column":1},"end":{"line":114,"column":1}}},"7":{"name":"AppointmentCard","decl":{"start":{"line":118,"column":9},"end":{"line":118,"column":24}},"loc":{"start":{"line":128,"column":1},"end":{"line":261,"column":1}}},"8":{"name":"(anonymous_8)","decl":{"start":{"line":223,"column":23},"end":{"line":223,"column":26}},"loc":{"start":{"line":223,"column":29},"end":{"line":223,"column":88}}},"9":{"name":"(anonymous_9)","decl":{"start":{"line":248,"column":25},"end":{"line":248,"column":28}},"loc":{"start":{"line":248,"column":31},"end":{"line":248,"column":52}}},"10":{"name":"Appointments","decl":{"start":{"line":265,"column":24},"end":{"line":265,"column":36}},"loc":{"start":{"line":265,"column":36},"end":{"line":400,"column":1}}},"11":{"name":"(anonymous_11)","decl":{"start":{"line":266,"column":31},"end":{"line":266,"column":34}},"loc":{"start":{"line":266,"column":37},"end":{"line":266,"column":54}}},"12":{"name":"(anonymous_12)","decl":{"start":{"line":269,"column":4},"end":{"line":269,"column":7}},"loc":{"start":{"line":269,"column":10},"end":{"line":269,"column":75}}},"13":{"name":"(anonymous_13)","decl":{"start":{"line":269,"column":38},"end":{"line":269,"column":39}},"loc":{"start":{"line":269,"column":45},"end":{"line":269,"column":56}}},"14":{"name":"(anonymous_14)","decl":{"start":{"line":269,"column":62},"end":{"line":269,"column":63}},"loc":{"start":{"line":269,"column":69},"end":{"line":269,"column":73}}},"15":{"name":"addToMyDay","decl":{"start":{"line":272,"column":11},"end":{"line":272,"column":21}},"loc":{"start":{"line":272,"column":32},"end":{"line":274,"column":3}}},"16":{"name":"(anonymous_16)","decl":{"start":{"line":273,"column":16},"end":{"line":273,"column":17}},"loc":{"start":{"line":273,"column":26},"end":{"line":273,"column":48}}},"17":{"name":"(anonymous_17)","decl":{"start":{"line":279,"column":63},"end":{"line":279,"column":66}},"loc":{"start":{"line":279,"column":68},"end":{"line":291,"column":3}}},"18":{"name":"(anonymous_18)","decl":{"start":{"line":280,"column":39},"end":{"line":280,"column":40}},"loc":{"start":{"line":280,"column":46},"end":{"line":280,"column":74}}},"19":{"name":"(anonymous_19)","decl":{"start":{"line":284,"column":35},"end":{"line":284,"column":36}},"loc":{"start":{"line":284,"column":42},"end":{"line":284,"column":71}}},"20":{"name":"(anonymous_20)","decl":{"start":{"line":285,"column":35},"end":{"line":285,"column":36}},"loc":{"start":{"line":285,"column":41},"end":{"line":288,"column":7}}},"21":{"name":"(anonymous_21)","decl":{"start":{"line":289,"column":35},"end":{"line":289,"column":36}},"loc":{"start":{"line":289,"column":42},"end":{"line":289,"column":70}}},"22":{"name":"(anonymous_22)","decl":{"start":{"line":319,"column":28},"end":{"line":319,"column":29}},"loc":{"start":{"line":320,"column":14},"end":{"line":320,"column":null}}},"23":{"name":"(anonymous_23)","decl":{"start":{"line":338,"column":31},"end":{"line":338,"column":32}},"loc":{"start":{"line":339,"column":14},"end":{"line":339,"column":null}}},"24":{"name":"(anonymous_24)","decl":{"start":{"line":357,"column":31},"end":{"line":357,"column":32}},"loc":{"start":{"line":358,"column":14},"end":{"line":358,"column":null}}}},"branchMap":{"0":{"loc":{"start":{"line":23,"column":17},"end":{"line":23,"column":38}},"type":"cond-expr","locations":[{"start":{"line":23,"column":27},"end":{"line":23,"column":31}},{"start":{"line":23,"column":34},"end":{"line":23,"column":38}}]},"1":{"loc":{"start":{"line":24,"column":12},"end":{"line":24,"column":24}},"type":"binary-expr","locations":[{"start":{"line":24,"column":12},"end":{"line":24,"column":18}},{"start":{"line":24,"column":22},"end":{"line":24,"column":24}}]},"2":{"loc":{"start":{"line":57,"column":2},"end":{"line":57,"column":57}},"type":"if","locations":[{"start":{"line":57,"column":2},"end":{"line":57,"column":57}},{"start":{},"end":{}}]},"3":{"loc":{"start":{"line":57,"column":32},"end":{"line":57,"column":56}},"type":"cond-expr","locations":[{"start":{"line":57,"column":50},"end":{"line":57,"column":52}},{"start":{"line":57,"column":55},"end":{"line":57,"column":56}}]},"4":{"loc":{"start":{"line":58,"column":9},"end":{"line":58,"column":33}},"type":"cond-expr","locations":[{"start":{"line":58,"column":27},"end":{"line":58,"column":29}},{"start":{"line":58,"column":32},"end":{"line":58,"column":33}}]},"5":{"loc":{"start":{"line":83,"column":2},"end":{"line":83,"column":19}},"type":"default-arg","locations":[{"start":{"line":83,"column":14},"end":{"line":83,"column":19}}]},"6":{"loc":{"start":{"line":92,"column":7},"end":{"line":106,"column":null}},"type":"cond-expr","locations":[{"start":{"line":93,"column":8},"end":{"line":98,"column":null}},{"start":{"line":101,"column":8},"end":{"line":105,"column":null}}]},"7":{"loc":{"start":{"line":108,"column":7},"end":{"line":109,"column":null}},"type":"binary-expr","locations":[{"start":{"line":108,"column":7},"end":{"line":108,"column":10}},{"start":{"line":109,"column":8},"end":{"line":109,"column":91}}]},"8":{"loc":{"start":{"line":131,"column":4},"end":{"line":133,"column":25}},"type":"binary-expr","locations":[{"start":{"line":131,"column":4},"end":{"line":131,"column":38}},{"start":{"line":132,"column":4},"end":{"line":132,"column":33}},{"start":{"line":133,"column":4},"end":{"line":133,"column":25}}]},"9":{"loc":{"start":{"line":135,"column":24},"end":{"line":139,"column":10}},"type":"cond-expr","locations":[{"start":{"line":136,"column":6},"end":{"line":138,"column":9}},{"start":{"line":139,"column":6},"end":{"line":139,"column":10}}]},"10":{"loc":{"start":{"line":146,"column":8},"end":{"line":152,"column":21}},"type":"cond-expr","locations":[{"start":{"line":148,"column":10},"end":{"line":149,"column":null}},{"start":{"line":152,"column":12},"end":{"line":152,"column":21}}]},"11":{"loc":{"start":{"line":154,"column":17},"end":{"line":154,"column":49}},"type":"cond-expr","locations":[{"start":{"line":154,"column":27},"end":{"line":154,"column":44}},{"start":{"line":154,"column":47},"end":{"line":154,"column":49}}]},"12":{"loc":{"start":{"line":182,"column":13},"end":{"line":183,"column":null}},"type":"binary-expr","locations":[{"start":{"line":182,"column":13},"end":{"line":182,"column":34}},{"start":{"line":183,"column":14},"end":{"line":183,"column":88}}]},"13":{"loc":{"start":{"line":192,"column":9},"end":{"line":202,"column":null}},"type":"binary-expr","locations":[{"start":{"line":192,"column":9},"end":{"line":192,"column":23}},{"start":{"line":193,"column":10},"end":{"line":201,"column":null}}]},"14":{"loc":{"start":{"line":206,"column":9},"end":{"line":213,"column":null}},"type":"binary-expr","locations":[{"start":{"line":206,"column":9},"end":{"line":206,"column":19}},{"start":{"line":207,"column":10},"end":{"line":212,"column":null}}]},"15":{"loc":{"start":{"line":219,"column":11},"end":{"line":233,"column":null}},"type":"cond-expr","locations":[{"start":{"line":220,"column":12},"end":{"line":224,"column":null}},{"start":{"line":230,"column":12},"end":{"line":231,"column":null}}]},"16":{"loc":{"start":{"line":238,"column":13},"end":{"line":254,"column":null}},"type":"cond-expr","locations":[{"start":{"line":239,"column":14},"end":{"line":243,"column":null}},{"start":{"line":247,"column":14},"end":{"line":252,"column":null}}]},"17":{"loc":{"start":{"line":287,"column":15},"end":{"line":287,"column":31}},"type":"binary-expr","locations":[{"start":{"line":287,"column":15},"end":{"line":287,"column":21}},{"start":{"line":287,"column":25},"end":{"line":287,"column":31}}]},"18":{"loc":{"start":{"line":310,"column":7},"end":{"line":330,"column":null}},"type":"binary-expr","locations":[{"start":{"line":310,"column":7},"end":{"line":310,"column":28}},{"start":{"line":311,"column":8},"end":{"line":329,"column":null}}]},"19":{"loc":{"start":{"line":334,"column":7},"end":{"line":349,"column":null}},"type":"binary-expr","locations":[{"start":{"line":334,"column":7},"end":{"line":334,"column":31}},{"start":{"line":335,"column":8},"end":{"line":348,"column":null}}]},"20":{"loc":{"start":{"line":353,"column":7},"end":{"line":368,"column":null}},"type":"binary-expr","locations":[{"start":{"line":353,"column":7},"end":{"line":353,"column":31}},{"start":{"line":354,"column":8},"end":{"line":367,"column":null}}]},"21":{"loc":{"start":{"line":372,"column":7},"end":{"line":386,"column":null}},"type":"binary-expr","locations":[{"start":{"line":372,"column":7},"end":{"line":372,"column":14}},{"start":{"line":373,"column":8},"end":{"line":385,"column":null}}]},"22":{"loc":{"start":{"line":390,"column":7},"end":{"line":395,"column":null}},"type":"binary-expr","locations":[{"start":{"line":390,"column":7},"end":{"line":390,"column":13}},{"start":{"line":391,"column":8},"end":{"line":393,"column":null}}]}},"s":{"0":1,"1":1,"2":1,"3":1,"4":1,"5":16,"6":16,"7":16,"8":18,"9":18,"10":16,"11":16,"12":64,"13":64,"14":64,"15":14,"16":12,"17":2,"18":1,"19":1,"20":6,"21":16,"22":16,"23":16,"24":16,"25":0,"26":0,"27":2,"28":2,"29":2,"30":2,"31":16,"32":4,"33":0,"34":0,"35":2,"36":2,"37":2,"38":16,"39":2,"40":2,"41":16,"42":16,"43":16,"44":16,"45":2,"46":2,"47":2,"48":4,"49":6,"50":6},"f":{"0":16,"1":18,"2":16,"3":16,"4":64,"5":14,"6":6,"7":16,"8":0,"9":0,"10":2,"11":2,"12":2,"13":16,"14":4,"15":0,"16":0,"17":2,"18":16,"19":16,"20":16,"21":16,"22":4,"23":6,"24":6},"b":{"0":[6,10],"1":[16,0],"2":[12,2],"3":[0,12],"4":[0,2],"5":[4],"6":[2,4],"7":[6,2],"8":[16,14,14],"9":[14,2],"10":[4,12],"11":[4,12],"12":[16,14],"13":[16,12],"14":[16,16],"15":[14,2],"16":[4,12],"17":[16,12],"18":[2,2],"19":[2,2],"20":[2,2],"21":[2,0],"22":[2,2]}}
,"/Users/victorlee/Documents/GitHub/careconnect-swen661/src/pages/Medications.tsx": {"path":"/Users/victorlee/Documents/GitHub/careconnect-swen661/src/pages/Medications.tsx","statementMap":{"0":{"start":{"line":11,"column":0},"end":{"line":11,"column":16}},"1":{"start":{"line":20,"column":0},"end":{"line":20,"column":16}},"2":{"start":{"line":24,"column":0},"end":{"line":24,"column":16}},"3":{"start":{"line":30,"column":0},"end":{"line":30,"column":24}},"4":{"start":{"line":1,"column":0},"end":{"line":1,"column":44}},"5":{"start":{"line":2,"column":0},"end":{"line":2,"column":71}},"6":{"start":{"line":3,"column":0},"end":{"line":3,"column":51}},"7":{"start":{"line":4,"column":0},"end":{"line":4,"column":61}},"8":{"start":{"line":7,"column":14},"end":{"line":7,"column":52}},"9":{"start":{"line":9,"column":20},"end":{"line":9,"column":44}},"10":{"start":{"line":12,"column":2},"end":{"line":17,"column":3}},"11":{"start":{"line":13,"column":16},"end":{"line":13,"column":49}},"12":{"start":{"line":14,"column":4},"end":{"line":14,"column":38}},"13":{"start":{"line":16,"column":4},"end":{"line":16,"column":14}},"14":{"start":{"line":21,"column":2},"end":{"line":21,"column":62}},"15":{"start":{"line":25,"column":17},"end":{"line":25,"column":44}},"16":{"start":{"line":26,"column":17},"end":{"line":26,"column":38}},"17":{"start":{"line":27,"column":2},"end":{"line":27,"column":67}},"18":{"start":{"line":31,"column":26},"end":{"line":40,"column":4}},"19":{"start":{"line":32,"column":19},"end":{"line":32,"column":41}},"20":{"start":{"line":33,"column":4},"end":{"line":39,"column":8}},"21":{"start":{"line":33,"column":40},"end":{"line":39,"column":6}},"22":{"start":{"line":42,"column":2},"end":{"line":48,"column":13}},"23":{"start":{"line":43,"column":46},"end":{"line":43,"column":48}},"24":{"start":{"line":44,"column":4},"end":{"line":46,"column":7}},"25":{"start":{"line":45,"column":6},"end":{"line":45,"column":72}},"26":{"start":{"line":45,"column":40},"end":{"line":45,"column":72}},"27":{"start":{"line":47,"column":4},"end":{"line":47,"column":33}},"28":{"start":{"line":51,"column":4},"end":{"line":68,"column":7}},"29":{"start":{"line":52,"column":22},"end":{"line":55,"column":null}},"30":{"start":{"line":53,"column":8},"end":{"line":55,"column":13}},"31":{"start":{"line":57,"column":18},"end":{"line":57,"column":50}},"32":{"start":{"line":57,"column":38},"end":{"line":57,"column":49}},"33":{"start":{"line":58,"column":6},"end":{"line":66,"column":7}},"34":{"start":{"line":59,"column":8},"end":{"line":65,"column":11}},"35":{"start":{"line":67,"column":6},"end":{"line":67,"column":21}},"36":{"start":{"line":71,"column":21},"end":{"line":71,"column":62}},"37":{"start":{"line":71,"column":40},"end":{"line":71,"column":54}},"38":{"start":{"line":72,"column":23},"end":{"line":72,"column":47}},"39":{"start":{"line":74,"column":2},"end":{"line":171,"column":4}},"40":{"start":{"line":112,"column":26},"end":{"line":112,"column":51}},"41":{"start":{"line":113,"column":12},"end":{"line":162,"column":14}},"42":{"start":{"line":135,"column":24},"end":{"line":135,"column":38}},"43":{"start":{"line":149,"column":35},"end":{"line":149,"column":54}}},"fnMap":{"0":{"name":"loadTakenFromStorage","decl":{"start":{"line":11,"column":16},"end":{"line":11,"column":36}},"loc":{"start":{"line":11,"column":36},"end":{"line":18,"column":1}}},"1":{"name":"saveTakenToStorage","decl":{"start":{"line":20,"column":16},"end":{"line":20,"column":34}},"loc":{"start":{"line":20,"column":68},"end":{"line":22,"column":1}}},"2":{"name":"formatTime","decl":{"start":{"line":24,"column":16},"end":{"line":24,"column":26}},"loc":{"start":{"line":24,"column":39},"end":{"line":28,"column":1}}},"3":{"name":"Medications","decl":{"start":{"line":30,"column":24},"end":{"line":30,"column":35}},"loc":{"start":{"line":30,"column":35},"end":{"line":172,"column":1}}},"4":{"name":"(anonymous_4)","decl":{"start":{"line":31,"column":49},"end":{"line":31,"column":52}},"loc":{"start":{"line":31,"column":54},"end":{"line":40,"column":3}}},"5":{"name":"(anonymous_5)","decl":{"start":{"line":33,"column":32},"end":{"line":33,"column":33}},"loc":{"start":{"line":33,"column":40},"end":{"line":39,"column":6}}},"6":{"name":"(anonymous_6)","decl":{"start":{"line":42,"column":12},"end":{"line":42,"column":15}},"loc":{"start":{"line":42,"column":17},"end":{"line":48,"column":3}}},"7":{"name":"(anonymous_7)","decl":{"start":{"line":44,"column":17},"end":{"line":44,"column":18}},"loc":{"start":{"line":44,"column":23},"end":{"line":46,"column":5}}},"8":{"name":"toggleTaken","decl":{"start":{"line":50,"column":11},"end":{"line":50,"column":22}},"loc":{"start":{"line":50,"column":33},"end":{"line":69,"column":3}}},"9":{"name":"(anonymous_9)","decl":{"start":{"line":51,"column":12},"end":{"line":51,"column":13}},"loc":{"start":{"line":51,"column":21},"end":{"line":68,"column":5}}},"10":{"name":"(anonymous_10)","decl":{"start":{"line":52,"column":31},"end":{"line":52,"column":32}},"loc":{"start":{"line":53,"column":8},"end":{"line":55,"column":13}}},"11":{"name":"(anonymous_11)","decl":{"start":{"line":57,"column":31},"end":{"line":57,"column":32}},"loc":{"start":{"line":57,"column":38},"end":{"line":57,"column":49}}},"12":{"name":"(anonymous_12)","decl":{"start":{"line":71,"column":33},"end":{"line":71,"column":34}},"loc":{"start":{"line":71,"column":40},"end":{"line":71,"column":54}}},"13":{"name":"(anonymous_13)","decl":{"start":{"line":111,"column":20},"end":{"line":111,"column":21}},"loc":{"start":{"line":111,"column":28},"end":{"line":163,"column":11}}},"14":{"name":"(anonymous_14)","decl":{"start":{"line":134,"column":37},"end":{"line":134,"column":38}},"loc":{"start":{"line":135,"column":24},"end":{"line":135,"column":38}}},"15":{"name":"(anonymous_15)","decl":{"start":{"line":149,"column":29},"end":{"line":149,"column":32}},"loc":{"start":{"line":149,"column":35},"end":{"line":149,"column":54}}}},"branchMap":{"0":{"loc":{"start":{"line":14,"column":11},"end":{"line":14,"column":37}},"type":"cond-expr","locations":[{"start":{"line":14,"column":17},"end":{"line":14,"column":32}},{"start":{"line":14,"column":35},"end":{"line":14,"column":37}}]},"1":{"loc":{"start":{"line":26,"column":17},"end":{"line":26,"column":38}},"type":"cond-expr","locations":[{"start":{"line":26,"column":27},"end":{"line":26,"column":31}},{"start":{"line":26,"column":34},"end":{"line":26,"column":38}}]},"2":{"loc":{"start":{"line":27,"column":12},"end":{"line":27,"column":24}},"type":"binary-expr","locations":[{"start":{"line":27,"column":12},"end":{"line":27,"column":18}},{"start":{"line":27,"column":22},"end":{"line":27,"column":24}}]},"3":{"loc":{"start":{"line":37,"column":12},"end":{"line":37,"column":71}},"type":"cond-expr","locations":[{"start":{"line":37,"column":41},"end":{"line":37,"column":66}},{"start":{"line":37,"column":69},"end":{"line":37,"column":71}}]},"4":{"loc":{"start":{"line":45,"column":6},"end":{"line":45,"column":72}},"type":"if","locations":[{"start":{"line":45,"column":6},"end":{"line":45,"column":72}},{"start":{},"end":{}}]},"5":{"loc":{"start":{"line":53,"column":8},"end":{"line":55,"column":13}},"type":"cond-expr","locations":[{"start":{"line":54,"column":12},"end":{"line":54,"column":69}},{"start":{"line":55,"column":12},"end":{"line":55,"column":13}}]},"6":{"loc":{"start":{"line":58,"column":6},"end":{"line":66,"column":7}},"type":"if","locations":[{"start":{"line":58,"column":6},"end":{"line":66,"column":7}},{"start":{},"end":{}}]},"7":{"loc":{"start":{"line":60,"column":16},"end":{"line":60,"column":62}},"type":"cond-expr","locations":[{"start":{"line":60,"column":35},"end":{"line":60,"column":46}},{"start":{"line":60,"column":49},"end":{"line":60,"column":62}}]},"8":{"loc":{"start":{"line":61,"column":17},"end":{"line":63,"column":48}},"type":"cond-expr","locations":[{"start":{"line":62,"column":14},"end":{"line":62,"column":43}},{"start":{"line":63,"column":14},"end":{"line":63,"column":48}}]},"9":{"loc":{"start":{"line":83,"column":7},"end":{"line":104,"column":null}},"type":"cond-expr","locations":[{"start":{"line":84,"column":8},"end":{"line":92,"column":null}},{"start":{"line":95,"column":8},"end":{"line":103,"column":null}}]},"10":{"loc":{"start":{"line":91,"column":36},"end":{"line":91,"column":63}},"type":"cond-expr","locations":[{"start":{"line":91,"column":55},"end":{"line":91,"column":58}},{"start":{"line":91,"column":61},"end":{"line":91,"column":63}}]},"11":{"loc":{"start":{"line":112,"column":26},"end":{"line":112,"column":51}},"type":"binary-expr","locations":[{"start":{"line":112,"column":26},"end":{"line":112,"column":42}},{"start":{"line":112,"column":46},"end":{"line":112,"column":51}}]},"12":{"loc":{"start":{"line":116,"column":107},"end":{"line":116,"column":132}},"type":"cond-expr","locations":[{"start":{"line":116,"column":115},"end":{"line":116,"column":127}},{"start":{"line":116,"column":130},"end":{"line":116,"column":132}}]},"13":{"loc":{"start":{"line":117,"column":58},"end":{"line":117,"column":97}},"type":"cond-expr","locations":[{"start":{"line":117,"column":66},"end":{"line":117,"column":76}},{"start":{"line":117,"column":79},"end":{"line":117,"column":97}}]},"14":{"loc":{"start":{"line":129,"column":69},"end":{"line":129,"column":129}},"type":"cond-expr","locations":[{"start":{"line":129,"column":77},"end":{"line":129,"column":108}},{"start":{"line":129,"column":111},"end":{"line":129,"column":129}}]},"15":{"loc":{"start":{"line":140,"column":21},"end":{"line":143,"column":null}},"type":"binary-expr","locations":[{"start":{"line":140,"column":21},"end":{"line":140,"column":37}},{"start":{"line":141,"column":22},"end":{"line":142,"column":null}}]},"16":{"loc":{"start":{"line":151,"column":32},"end":{"line":151,"column":101}},"type":"cond-expr","locations":[{"start":{"line":151,"column":40},"end":{"line":151,"column":71}},{"start":{"line":151,"column":74},"end":{"line":151,"column":101}}]},"17":{"loc":{"start":{"line":154,"column":21},"end":{"line":157,"column":null}},"type":"cond-expr","locations":[{"start":{"line":155,"column":22},"end":{"line":155,"column":94}},{"start":{"line":157,"column":22},"end":{"line":157,"column":88}}]}},"s":{"0":1,"1":1,"2":1,"3":1,"4":1,"5":1,"6":1,"7":1,"8":1,"9":1,"10":10,"11":10,"12":10,"13":1,"14":10,"15":69,"16":69,"17":69,"18":0,"19":0,"20":0,"21":0,"22":0,"23":0,"24":0,"25":0,"26":0,"27":0,"28":0,"29":0,"30":0,"31":0,"32":0,"33":0,"34":0,"35":0,"36":0,"37":0,"38":0,"39":0,"40":0,"41":0,"42":0,"43":0},"f":{"0":10,"1":10,"2":69,"3":0,"4":0,"5":0,"6":0,"7":0,"8":0,"9":0,"10":0,"11":0,"12":0,"13":0,"14":0,"15":0},"b":{"0":[9,1],"1":[42,27],"2":[69,15],"3":[0,0],"4":[0,0],"5":[0,0],"6":[0,0],"7":[0,0],"8":[0,0],"9":[0,0],"10":[0,0],"11":[0,0],"12":[0,0],"13":[0,0],"14":[0,0],"15":[0,0],"16":[0,0],"17":[0,0]}}
,"/Users/victorlee/Documents/GitHub/careconnect-swen661/src/pages/Memories.tsx": {"path":"/Users/victorlee/Documents/GitHub/careconnect-swen661/src/pages/Memories.tsx","statementMap":{"0":{"start":{"line":26,"column":0},"end":{"line":26,"column":24}},"1":{"start":{"line":1,"column":0},"end":{"line":1,"column":33}},"2":{"start":{"line":2,"column":0},"end":{"line":2,"column":90}},"3":{"start":{"line":3,"column":0},"end":{"line":3,"column":47}},"4":{"start":{"line":9,"column":4},"end":{"line":15,"column":2}},"5":{"start":{"line":17,"column":84},"end":{"line":24,"column":2}},"6":{"start":{"line":27,"column":30},"end":{"line":27,"column":77}},"7":{"start":{"line":28,"column":34},"end":{"line":28,"column":63}},"8":{"start":{"line":30,"column":19},"end":{"line":31,"column":null}},"9":{"start":{"line":31,"column":11},"end":{"line":31,"column":52}},"10":{"start":{"line":34,"column":17},"end":{"line":34,"column":49}},"11":{"start":{"line":34,"column":40},"end":{"line":34,"column":48}},"12":{"start":{"line":35,"column":15},"end":{"line":35,"column":48}},"13":{"start":{"line":35,"column":38},"end":{"line":35,"column":47}},"14":{"start":{"line":37,"column":2},"end":{"line":112,"column":4}},"15":{"start":{"line":51,"column":12},"end":{"line":52,"column":null}},"16":{"start":{"line":53,"column":29},"end":{"line":53,"column":43}},"17":{"start":{"line":74,"column":14},"end":{"line":75,"column":null}},"18":{"start":{"line":78,"column":32},"end":{"line":78,"column":82}},"19":{"start":{"line":95,"column":14},"end":{"line":96,"column":null}},"20":{"start":{"line":99,"column":32},"end":{"line":99,"column":82}},"21":{"start":{"line":124,"column":26},"end":{"line":124,"column":55}},"22":{"start":{"line":126,"column":2},"end":{"line":186,"column":4}}},"fnMap":{"0":{"name":"Memories","decl":{"start":{"line":26,"column":24},"end":{"line":26,"column":32}},"loc":{"start":{"line":26,"column":32},"end":{"line":113,"column":1}}},"1":{"name":"(anonymous_1)","decl":{"start":{"line":31,"column":4},"end":{"line":31,"column":5}},"loc":{"start":{"line":31,"column":11},"end":{"line":31,"column":52}}},"2":{"name":"(anonymous_2)","decl":{"start":{"line":34,"column":33},"end":{"line":34,"column":34}},"loc":{"start":{"line":34,"column":40},"end":{"line":34,"column":48}}},"3":{"name":"(anonymous_3)","decl":{"start":{"line":35,"column":31},"end":{"line":35,"column":32}},"loc":{"start":{"line":35,"column":38},"end":{"line":35,"column":47}}},"4":{"name":"(anonymous_4)","decl":{"start":{"line":50,"column":28},"end":{"line":50,"column":29}},"loc":{"start":{"line":51,"column":12},"end":{"line":52,"column":null}}},"5":{"name":"(anonymous_5)","decl":{"start":{"line":53,"column":23},"end":{"line":53,"column":26}},"loc":{"start":{"line":53,"column":29},"end":{"line":53,"column":43}}},"6":{"name":"(anonymous_6)","decl":{"start":{"line":73,"column":24},"end":{"line":73,"column":25}},"loc":{"start":{"line":74,"column":14},"end":{"line":75,"column":null}}},"7":{"name":"(anonymous_7)","decl":{"start":{"line":78,"column":26},"end":{"line":78,"column":29}},"loc":{"start":{"line":78,"column":32},"end":{"line":78,"column":82}}},"8":{"name":"(anonymous_8)","decl":{"start":{"line":94,"column":22},"end":{"line":94,"column":23}},"loc":{"start":{"line":95,"column":14},"end":{"line":96,"column":null}}},"9":{"name":"(anonymous_9)","decl":{"start":{"line":99,"column":26},"end":{"line":99,"column":29}},"loc":{"start":{"line":99,"column":32},"end":{"line":99,"column":82}}},"10":{"name":"MemoryCardItem","decl":{"start":{"line":115,"column":9},"end":{"line":115,"column":23}},"loc":{"start":{"line":123,"column":1},"end":{"line":187,"column":1}}}},"branchMap":{"0":{"loc":{"start":{"line":31,"column":11},"end":{"line":31,"column":52}},"type":"binary-expr","locations":[{"start":{"line":31,"column":11},"end":{"line":31,"column":27}},{"start":{"line":31,"column":31},"end":{"line":31,"column":52}}]},"1":{"loc":{"start":{"line":55,"column":16},"end":{"line":55,"column":null}},"type":"cond-expr","locations":[{"start":{"line":55,"column":33},"end":{"line":55,"column":46}},{"start":{"line":55,"column":49},"end":{"line":55,"column":null}}]},"2":{"loc":{"start":{"line":66,"column":7},"end":{"line":82,"column":null}},"type":"binary-expr","locations":[{"start":{"line":66,"column":7},"end":{"line":66,"column":24}},{"start":{"line":67,"column":8},"end":{"line":81,"column":null}}]},"3":{"loc":{"start":{"line":78,"column":44},"end":{"line":78,"column":81}},"type":"cond-expr","locations":[{"start":{"line":78,"column":67},"end":{"line":78,"column":71}},{"start":{"line":78,"column":74},"end":{"line":78,"column":81}}]},"4":{"loc":{"start":{"line":86,"column":7},"end":{"line":103,"column":null}},"type":"binary-expr","locations":[{"start":{"line":86,"column":7},"end":{"line":86,"column":22}},{"start":{"line":87,"column":8},"end":{"line":102,"column":null}}]},"5":{"loc":{"start":{"line":88,"column":11},"end":{"line":91,"column":null}},"type":"binary-expr","locations":[{"start":{"line":88,"column":11},"end":{"line":88,"column":28}},{"start":{"line":89,"column":12},"end":{"line":89,"column":null}}]},"6":{"loc":{"start":{"line":99,"column":44},"end":{"line":99,"column":81}},"type":"cond-expr","locations":[{"start":{"line":99,"column":67},"end":{"line":99,"column":71}},{"start":{"line":99,"column":74},"end":{"line":99,"column":81}}]},"7":{"loc":{"start":{"line":106,"column":7},"end":{"line":109,"column":null}},"type":"binary-expr","locations":[{"start":{"line":106,"column":7},"end":{"line":106,"column":28}},{"start":{"line":107,"column":8},"end":{"line":108,"column":null}}]},"8":{"loc":{"start":{"line":130,"column":7},"end":{"line":138,"column":null}},"type":"binary-expr","locations":[{"start":{"line":130,"column":7},"end":{"line":130,"column":20}},{"start":{"line":131,"column":8},"end":{"line":137,"column":null}}]},"9":{"loc":{"start":{"line":150,"column":15},"end":{"line":154,"column":null}},"type":"binary-expr","locations":[{"start":{"line":150,"column":15},"end":{"line":150,"column":26}},{"start":{"line":151,"column":16},"end":{"line":152,"column":null}}]},"10":{"loc":{"start":{"line":167,"column":14},"end":{"line":167,"column":null}},"type":"cond-expr","locations":[{"start":{"line":167,"column":26},"end":{"line":167,"column":40}},{"start":{"line":167,"column":43},"end":{"line":167,"column":null}}]},"11":{"loc":{"start":{"line":173,"column":11},"end":{"line":181,"column":null}},"type":"binary-expr","locations":[{"start":{"line":173,"column":11},"end":{"line":173,"column":33}},{"start":{"line":174,"column":12},"end":{"line":180,"column":null}}]},"12":{"loc":{"start":{"line":180,"column":15},"end":{"line":180,"column":51}},"type":"cond-expr","locations":[{"start":{"line":180,"column":26},"end":{"line":180,"column":37}},{"start":{"line":180,"column":40},"end":{"line":180,"column":51}}]}},"s":{"0":1,"1":1,"2":1,"3":1,"4":1,"5":1,"6":0,"7":0,"8":0,"9":0,"10":0,"11":0,"12":0,"13":0,"14":0,"15":0,"16":0,"17":0,"18":0,"19":0,"20":0,"21":0,"22":0},"f":{"0":0,"1":0,"2":0,"3":0,"4":0,"5":0,"6":0,"7":0,"8":0,"9":0,"10":0},"b":{"0":[0,0],"1":[0,0],"2":[0,0],"3":[0,0],"4":[0,0],"5":[0,0],"6":[0,0],"7":[0,0],"8":[0,0],"9":[0,0],"10":[0,0],"11":[0,0],"12":[0,0]}}
}
