TN:
SF:src\pages\Appointments.tsx
FN:21,fmt12
FN:28,formatFullDate
FN:39,formatDateTime
FN:44,isoDateTime
FN:49,diffDays
FN:56,chronoSort
FN:79,GroupDivider
FN:118,AppointmentCard
FN:223,(anonymous_8)
FN:248,(anonymous_9)
FN:265,Appointments
FN:266,(anonymous_11)
FN:269,(anonymous_12)
FN:269,(anonymous_13)
FN:269,(anonymous_14)
FN:272,addToMyDay
FN:273,(anonymous_16)
FN:279,(anonymous_17)
FN:280,(anonymous_18)
FN:284,(anonymous_19)
FN:285,(anonymous_20)
FN:289,(anonymous_21)
FN:319,(anonymous_22)
FN:338,(anonymous_23)
FN:357,(anonymous_24)
FNF:25
FNH:21
FNDA:16,fmt12
FNDA:18,formatFullDate
FNDA:16,formatDateTime
FNDA:16,isoDateTime
FNDA:64,diffDays
FNDA:14,chronoSort
FNDA:6,GroupDivider
FNDA:16,AppointmentCard
FNDA:0,(anonymous_8)
FNDA:0,(anonymous_9)
FNDA:2,Appointments
FNDA:2,(anonymous_11)
FNDA:2,(anonymous_12)
FNDA:16,(anonymous_13)
FNDA:4,(anonymous_14)
FNDA:0,addToMyDay
FNDA:0,(anonymous_16)
FNDA:2,(anonymous_17)
FNDA:16,(anonymous_18)
FNDA:16,(anonymous_19)
FNDA:16,(anonymous_20)
FNDA:16,(anonymous_21)
FNDA:4,(anonymous_22)
FNDA:6,(anonymous_23)
FNDA:6,(anonymous_24)
DA:1,1
DA:2,1
DA:15,1
DA:16,1
DA:22,16
DA:23,16
DA:24,16
DA:30,18
DA:31,18
DA:40,16
DA:45,16
DA:50,64
DA:51,64
DA:52,64
DA:57,14
DA:58,2
DA:63,1
DA:70,1
DA:90,6
DA:129,16
DA:131,16
DA:135,16
DA:141,16
DA:223,0
DA:248,0
DA:265,1
DA:266,2
DA:268,2
DA:269,16
DA:273,0
DA:276,2
DA:279,2
DA:280,16
DA:281,2
DA:283,2
DA:284,16
DA:286,16
DA:287,16
DA:289,16
DA:293,2
DA:294,2
DA:296,2
DA:320,4
DA:339,6
DA:358,6
LF:45
LH:42
BRDA:23,0,0,6
BRDA:23,0,1,10
BRDA:24,1,0,16
BRDA:24,1,1,0
BRDA:57,2,0,12
BRDA:57,2,1,2
BRDA:57,3,0,0
BRDA:57,3,1,12
BRDA:58,4,0,0
BRDA:58,4,1,2
BRDA:83,5,0,4
BRDA:92,6,0,2
BRDA:92,6,1,4
BRDA:108,7,0,6
BRDA:108,7,1,2
BRDA:131,8,0,16
BRDA:131,8,1,14
BRDA:131,8,2,14
BRDA:135,9,0,14
BRDA:135,9,1,2
BRDA:146,10,0,4
BRDA:146,10,1,12
BRDA:154,11,0,4
BRDA:154,11,1,12
BRDA:182,12,0,16
BRDA:182,12,1,14
BRDA:192,13,0,16
BRDA:192,13,1,12
BRDA:206,14,0,16
BRDA:206,14,1,16
BRDA:219,15,0,14
BRDA:219,15,1,2
BRDA:238,16,0,4
BRDA:238,16,1,12
BRDA:287,17,0,16
BRDA:287,17,1,12
BRDA:310,18,0,2
BRDA:310,18,1,2
BRDA:334,19,0,2
BRDA:334,19,1,2
BRDA:353,20,0,2
BRDA:353,20,1,2
BRDA:372,21,0,2
BRDA:372,21,1,0
BRDA:390,22,0,2
BRDA:390,22,1,2
BRF:46
BRH:42
end_of_record
TN:
SF:src\pages\Medications.tsx
FN:11,loadTakenFromStorage
FN:20,saveTakenToStorage
FN:24,formatTime
FN:30,Medications
FN:31,(anonymous_4)
FN:33,(anonymous_5)
FN:42,(anonymous_6)
FN:44,(anonymous_7)
FN:50,toggleTaken
FN:51,(anonymous_9)
FN:52,(anonymous_10)
FN:57,(anonymous_11)
FN:71,(anonymous_12)
FN:111,(anonymous_13)
FN:134,(anonymous_14)
FN:149,(anonymous_15)
FNF:16
FNH:3
FNDA:10,loadTakenFromStorage
FNDA:10,saveTakenToStorage
FNDA:69,formatTime
FNDA:0,Medications
FNDA:0,(anonymous_4)
FNDA:0,(anonymous_5)
FNDA:0,(anonymous_6)
FNDA:0,(anonymous_7)
FNDA:0,toggleTaken
FNDA:0,(anonymous_9)
FNDA:0,(anonymous_10)
FNDA:0,(anonymous_11)
FNDA:0,(anonymous_12)
FNDA:0,(anonymous_13)
FNDA:0,(anonymous_14)
FNDA:0,(anonymous_15)
DA:1,1
DA:2,1
DA:3,1
DA:4,1
DA:7,1
DA:9,1
DA:11,1
DA:12,10
DA:13,10
DA:14,10
DA:16,1
DA:20,1
DA:21,10
DA:24,1
DA:25,69
DA:26,69
DA:27,69
DA:30,1
DA:31,0
DA:32,0
DA:33,0
DA:42,0
DA:43,0
DA:44,0
DA:45,0
DA:47,0
DA:51,0
DA:52,0
DA:53,0
DA:57,0
DA:58,0
DA:59,0
DA:67,0
DA:71,0
DA:72,0
DA:74,0
DA:112,0
DA:113,0
DA:135,0
DA:149,0
LF:40
LH:18
BRDA:14,0,0,9
BRDA:14,0,1,1
BRDA:26,1,0,42
BRDA:26,1,1,27
BRDA:27,2,0,69
BRDA:27,2,1,15
BRDA:37,3,0,0
BRDA:37,3,1,0
BRDA:45,4,0,0
BRDA:45,4,1,0
BRDA:53,5,0,0
BRDA:53,5,1,0
BRDA:58,6,0,0
BRDA:58,6,1,0
BRDA:60,7,0,0
BRDA:60,7,1,0
BRDA:61,8,0,0
BRDA:61,8,1,0
BRDA:83,9,0,0
BRDA:83,9,1,0
BRDA:91,10,0,0
BRDA:91,10,1,0
BRDA:112,11,0,0
BRDA:112,11,1,0
BRDA:116,12,0,0
BRDA:116,12,1,0
BRDA:117,13,0,0
BRDA:117,13,1,0
BRDA:129,14,0,0
BRDA:129,14,1,0
BRDA:140,15,0,0
BRDA:140,15,1,0
BRDA:151,16,0,0
BRDA:151,16,1,0
BRDA:154,17,0,0
BRDA:154,17,1,0
BRF:36
BRH:6
end_of_record
TN:
SF:src\pages\Memories.tsx
FN:26,Memories
FN:31,(anonymous_1)
FN:34,(anonymous_2)
FN:35,(anonymous_3)
FN:50,(anonymous_4)
FN:53,(anonymous_5)
FN:73,(anonymous_6)
FN:78,(anonymous_7)
FN:94,(anonymous_8)
FN:99,(anonymous_9)
FN:115,MemoryCardItem
FNF:11
FNH:0
FNDA:0,Memories
FNDA:0,(anonymous_1)
FNDA:0,(anonymous_2)
FNDA:0,(anonymous_3)
FNDA:0,(anonymous_4)
FNDA:0,(anonymous_5)
FNDA:0,(anonymous_6)
FNDA:0,(anonymous_7)
FNDA:0,(anonymous_8)
FNDA:0,(anonymous_9)
FNDA:0,MemoryCardItem
DA:1,1
DA:2,1
DA:3,1
DA:9,1
DA:17,1
DA:26,1
DA:27,0
DA:28,0
DA:30,0
DA:31,0
DA:34,0
DA:35,0
DA:37,0
DA:51,0
DA:53,0
DA:74,0
DA:78,0
DA:95,0
DA:99,0
DA:124,0
DA:126,0
LF:21
LH:6
BRDA:31,0,0,0
BRDA:31,0,1,0
BRDA:55,1,0,0
BRDA:55,1,1,0
BRDA:66,2,0,0
BRDA:66,2,1,0
BRDA:78,3,0,0
BRDA:78,3,1,0
BRDA:86,4,0,0
BRDA:86,4,1,0
BRDA:88,5,0,0
BRDA:88,5,1,0
BRDA:99,6,0,0
BRDA:99,6,1,0
BRDA:106,7,0,0
BRDA:106,7,1,0
BRDA:130,8,0,0
BRDA:130,8,1,0
BRDA:150,9,0,0
BRDA:150,9,1,0
BRDA:167,10,0,0
BRDA:167,10,1,0
BRDA:173,11,0,0
BRDA:173,11,1,0
BRDA:180,12,0,0
BRDA:180,12,1,0
BRF:26
BRH:0
end_of_record
